{"/home/travis/build/npmtest/node-npmtest-airplay-js/test.js":{"path":"/home/travis/build/npmtest/node-npmtest-airplay-js/test.js","s":{"1":2,"2":2,"3":2,"4":2,"5":2,"6":2,"7":2,"8":1,"9":2,"10":2,"11":1,"12":1,"13":1,"14":1,"15":2,"16":2,"17":2,"18":2,"19":1,"20":1,"21":2,"22":2,"23":2,"24":1,"25":1,"26":1,"27":1,"28":1,"29":1,"30":1,"31":1,"32":1,"33":1,"34":1,"35":1,"36":1,"37":2,"38":2,"39":1,"40":2,"41":2,"42":1,"43":2,"44":2,"45":1,"46":2,"47":2,"48":1,"49":1,"50":1,"51":1,"52":1},"b":{"1":[2,1,1,1],"2":[1,1,1,1],"3":[1,1],"4":[1,1],"5":[1,1],"6":[1,1],"7":[1,1],"8":[1,1],"9":[1,1,1],"10":[1,1],"11":[1,1],"12":[1,1],"13":[1,1],"14":[1,1],"15":[1,1],"16":[1,1]},"f":{"1":2,"2":2,"3":2,"4":2,"5":2,"6":1,"7":1,"8":2,"9":2,"10":2,"11":2,"12":1},"fnMap":{"1":{"name":"(anonymous_1)","line":12,"loc":{"start":{"line":12,"column":1},"end":{"line":12,"column":13}}},"2":{"name":"(anonymous_2)","line":19,"loc":{"start":{"line":19,"column":5},"end":{"line":19,"column":17}}},"3":{"name":"(anonymous_3)","line":23,"loc":{"start":{"line":23,"column":24},"end":{"line":23,"column":36}}},"4":{"name":"(anonymous_4)","line":61,"loc":{"start":{"line":61,"column":5},"end":{"line":61,"column":17}}},"5":{"name":"(anonymous_5)","line":82,"loc":{"start":{"line":82,"column":5},"end":{"line":82,"column":17}}},"6":{"name":"(anonymous_6)","line":102,"loc":{"start":{"line":102,"column":83},"end":{"line":105,"column":10}},"skip":true},"7":{"name":"(anonymous_7)","line":113,"loc":{"start":{"line":113,"column":77},"end":{"line":116,"column":10}},"skip":true},"8":{"name":"(anonymous_8)","line":129,"loc":{"start":{"line":129,"column":12},"end":{"line":129,"column":40}},"skip":true},"9":{"name":"(anonymous_9)","line":137,"loc":{"start":{"line":137,"column":77},"end":{"line":140,"column":10}},"skip":true},"10":{"name":"(anonymous_10)","line":148,"loc":{"start":{"line":148,"column":83},"end":{"line":151,"column":10}},"skip":true},"11":{"name":"(anonymous_11)","line":159,"loc":{"start":{"line":159,"column":79},"end":{"line":162,"column":10}},"skip":true},"12":{"name":"(anonymous_12)","line":170,"loc":{"start":{"line":170,"column":75},"end":{"line":173,"column":10}},"skip":true}},"statementMap":{"1":{"start":{"line":12,"column":0},"end":{"line":185,"column":5}},"2":{"start":{"line":14,"column":4},"end":{"line":14,"column":14}},"3":{"start":{"line":19,"column":4},"end":{"line":56,"column":9}},"4":{"start":{"line":21,"column":8},"end":{"line":21,"column":19}},"5":{"start":{"line":23,"column":8},"end":{"line":35,"column":13}},"6":{"start":{"line":24,"column":12},"end":{"line":34,"column":13}},"7":{"start":{"line":25,"column":16},"end":{"line":28,"column":30}},"8":{"start":{"line":30,"column":16},"end":{"line":33,"column":27}},"9":{"start":{"line":37,"column":8},"end":{"line":39,"column":21}},"10":{"start":{"line":40,"column":8},"end":{"line":53,"column":9}},"11":{"start":{"line":43,"column":12},"end":{"line":46,"column":14}},"12":{"start":{"line":47,"column":12},"end":{"line":47,"column":18}},"13":{"start":{"line":50,"column":12},"end":{"line":51,"column":46}},"14":{"start":{"line":52,"column":12},"end":{"line":52,"column":18}},"15":{"start":{"line":55,"column":8},"end":{"line":55,"column":35}},"16":{"start":{"line":61,"column":4},"end":{"line":63,"column":9}},"17":{"start":{"line":62,"column":8},"end":{"line":62,"column":15}},"18":{"start":{"line":64,"column":4},"end":{"line":77,"column":5}},"19":{"start":{"line":70,"column":8},"end":{"line":70,"column":14}},"20":{"start":{"line":76,"column":8},"end":{"line":76,"column":14}},"21":{"start":{"line":82,"column":4},"end":{"line":84,"column":9}},"22":{"start":{"line":83,"column":8},"end":{"line":83,"column":15}},"23":{"start":{"line":85,"column":4},"end":{"line":184,"column":5}},"24":{"start":{"line":92,"column":8},"end":{"line":94,"column":63}},"25":{"start":{"line":95,"column":8},"end":{"line":95,"column":14}},"26":{"start":{"line":102,"column":8},"end":{"line":111,"column":10},"skip":true},"27":{"start":{"line":109,"column":12},"end":{"line":109,"column":55},"skip":true},"28":{"start":{"line":110,"column":12},"end":{"line":110,"column":48},"skip":true},"29":{"start":{"line":113,"column":8},"end":{"line":126,"column":10},"skip":true},"30":{"start":{"line":120,"column":12},"end":{"line":120,"column":76},"skip":true},"31":{"start":{"line":121,"column":12},"end":{"line":121,"column":73},"skip":true},"32":{"start":{"line":122,"column":12},"end":{"line":122,"column":74},"skip":true},"33":{"start":{"line":123,"column":12},"end":{"line":123,"column":79},"skip":true},"34":{"start":{"line":124,"column":12},"end":{"line":124,"column":25},"skip":true},"35":{"start":{"line":125,"column":12},"end":{"line":125,"column":45},"skip":true},"36":{"start":{"line":128,"column":8},"end":{"line":135,"column":14},"skip":true},"37":{"start":{"line":133,"column":16},"end":{"line":133,"column":29},"skip":true},"38":{"start":{"line":134,"column":16},"end":{"line":134,"column":55},"skip":true},"39":{"start":{"line":137,"column":8},"end":{"line":146,"column":10},"skip":true},"40":{"start":{"line":144,"column":12},"end":{"line":144,"column":25},"skip":true},"41":{"start":{"line":145,"column":12},"end":{"line":145,"column":45},"skip":true},"42":{"start":{"line":148,"column":8},"end":{"line":157,"column":10},"skip":true},"43":{"start":{"line":155,"column":12},"end":{"line":155,"column":25},"skip":true},"44":{"start":{"line":156,"column":12},"end":{"line":156,"column":48},"skip":true},"45":{"start":{"line":159,"column":8},"end":{"line":168,"column":10},"skip":true},"46":{"start":{"line":166,"column":12},"end":{"line":166,"column":25},"skip":true},"47":{"start":{"line":167,"column":12},"end":{"line":167,"column":46},"skip":true},"48":{"start":{"line":170,"column":8},"end":{"line":179,"column":10},"skip":true},"49":{"start":{"line":177,"column":12},"end":{"line":177,"column":94},"skip":true},"50":{"start":{"line":178,"column":12},"end":{"line":178,"column":48},"skip":true},"51":{"start":{"line":182,"column":8},"end":{"line":182,"column":35},"skip":true},"52":{"start":{"line":183,"column":8},"end":{"line":183,"column":14},"skip":true}},"branchMap":{"1":{"line":25,"type":"binary-expr","locations":[{"start":{"line":25,"column":23},"end":{"line":25,"column":62}},{"start":{"line":26,"column":20},"end":{"line":26,"column":70}},{"start":{"line":27,"column":20},"end":{"line":27,"column":71}},{"start":{"line":28,"column":20},"end":{"line":28,"column":29}}]},"2":{"line":30,"type":"binary-expr","locations":[{"start":{"line":30,"column":23},"end":{"line":30,"column":37}},{"start":{"line":31,"column":20},"end":{"line":31,"column":61}},{"start":{"line":32,"column":20},"end":{"line":32,"column":70}},{"start":{"line":33,"column":20},"end":{"line":33,"column":26}}]},"3":{"line":37,"type":"cond-expr","locations":[{"start":{"line":38,"column":14},"end":{"line":38,"column":20}},{"start":{"line":39,"column":14},"end":{"line":39,"column":20}}]},"4":{"line":40,"type":"switch","locations":[{"start":{"line":42,"column":8},"end":{"line":47,"column":18}},{"start":{"line":49,"column":8},"end":{"line":52,"column":18}}]},"5":{"line":44,"type":"binary-expr","locations":[{"start":{"line":44,"column":16},"end":{"line":44,"column":44}},{"start":{"line":44,"column":48},"end":{"line":44,"column":66}}]},"6":{"line":50,"type":"binary-expr","locations":[{"start":{"line":50,"column":21},"end":{"line":50,"column":49}},{"start":{"line":50,"column":53},"end":{"line":50,"column":72}}]},"7":{"line":64,"type":"switch","locations":[{"start":{"line":69,"column":4},"end":{"line":70,"column":14}},{"start":{"line":75,"column":4},"end":{"line":76,"column":14}}]},"8":{"line":85,"type":"switch","locations":[{"start":{"line":90,"column":4},"end":{"line":95,"column":14}},{"start":{"line":101,"column":4},"end":{"line":183,"column":14},"skip":true}]},"9":{"line":92,"type":"binary-expr","locations":[{"start":{"line":92,"column":18},"end":{"line":92,"column":32}},{"start":{"line":93,"column":12},"end":{"line":93,"column":53}},{"start":{"line":94,"column":12},"end":{"line":94,"column":61}}]},"10":{"line":102,"type":"binary-expr","locations":[{"start":{"line":102,"column":45},"end":{"line":102,"column":79},"skip":true},{"start":{"line":102,"column":83},"end":{"line":111,"column":9},"skip":true}]},"11":{"line":113,"type":"binary-expr","locations":[{"start":{"line":113,"column":42},"end":{"line":113,"column":73},"skip":true},{"start":{"line":113,"column":77},"end":{"line":126,"column":9},"skip":true}]},"12":{"line":128,"type":"binary-expr","locations":[{"start":{"line":128,"column":48},"end":{"line":128,"column":85},"skip":true},{"start":{"line":129,"column":12},"end":{"line":135,"column":13},"skip":true}]},"13":{"line":137,"type":"binary-expr","locations":[{"start":{"line":137,"column":42},"end":{"line":137,"column":73},"skip":true},{"start":{"line":137,"column":77},"end":{"line":146,"column":9},"skip":true}]},"14":{"line":148,"type":"binary-expr","locations":[{"start":{"line":148,"column":45},"end":{"line":148,"column":79},"skip":true},{"start":{"line":148,"column":83},"end":{"line":157,"column":9},"skip":true}]},"15":{"line":159,"type":"binary-expr","locations":[{"start":{"line":159,"column":43},"end":{"line":159,"column":75},"skip":true},{"start":{"line":159,"column":79},"end":{"line":168,"column":9},"skip":true}]},"16":{"line":170,"type":"binary-expr","locations":[{"start":{"line":170,"column":41},"end":{"line":170,"column":71},"skip":true},{"start":{"line":170,"column":75},"end":{"line":179,"column":9},"skip":true}]}},"code":["/* istanbul instrument in package npmtest_airplay_js */","/*jslint","    bitwise: true,","    browser: true,","    maxerr: 8,","    maxlen: 96,","    node: true,","    nomen: true,","    regexp: true,","    stupid: true","*/","(function () {","    'use strict';","    var local;","","","","    // run shared js-env code - pre-init","    (function () {","        // init local","        local = {};","        // init modeJs","        local.modeJs = (function () {","            try {","                return typeof navigator.userAgent === 'string' &&","                    typeof document.querySelector('body') === 'object' &&","                    typeof XMLHttpRequest.prototype.open === 'function' &&","                    'browser';","            } catch (errorCaughtBrowser) {","                return module.exports &&","                    typeof process.versions.node === 'string' &&","                    typeof require('http').createServer === 'function' &&","                    'node';","            }","        }());","        // init global","        local.global = local.modeJs === 'browser'","            ? window","            : global;","        switch (local.modeJs) {","        // re-init local from window.local","        case 'browser':","            local = local.global.utility2.objectSetDefault(","                local.global.utility2_rollup || local.global.local,","                local.global.utility2","            );","            break;","        // re-init local from example.js","        case 'node':","            local = (local.global.utility2_rollup || require('utility2'))","                .requireExampleJsFromReadme();","            break;","        }","        // export local","        local.global.local = local;","    }());","","","","    // run shared js-env code - function","    (function () {","        return;","    }());","    switch (local.modeJs) {","","","","    // run browser js-env code - function","    case 'browser':","        break;","","","","    // run node js-env code - function","    case 'node':","        break;","    }","","","","    // run shared js-env code - post-init","    (function () {","        return;","    }());","    switch (local.modeJs) {","","","","    // run browser js-env code - post-init","    case 'browser':","        // run tests","        local.nop(local.modeTest &&","            document.querySelector('#testRunButton1') &&","            document.querySelector('#testRunButton1').click());","        break;","","","","    // run node js-env code - post-init","    /* istanbul ignore next */","    case 'node':","        local.testCase_buildApidoc_default = local.testCase_buildApidoc_default || function (","            options,","            onError","        ) {","        /*","         * this function will test buildApidoc's default handling-behavior-behavior","         */","            options = { modulePathList: module.paths };","            local.buildApidoc(options, onError);","        };","","        local.testCase_buildApp_default = local.testCase_buildApp_default || function (","            options,","            onError","        ) {","        /*","         * this function will test buildApp's default handling-behavior-behavior","         */","            local.testCase_buildReadme_default(options, local.onErrorThrow);","            local.testCase_buildLib_default(options, local.onErrorThrow);","            local.testCase_buildTest_default(options, local.onErrorThrow);","            local.testCase_buildCustomOrg_default(options, local.onErrorThrow);","            options = [];","            local.buildApp(options, onError);","        };","","        local.testCase_buildCustomOrg_default = local.testCase_buildCustomOrg_default ||","            function (options, onError) {","            /*","             * this function will test buildCustomOrg's default handling-behavior","             */","                options = {};","                local.buildCustomOrg(options, onError);","            };","","        local.testCase_buildLib_default = local.testCase_buildLib_default || function (","            options,","            onError","        ) {","        /*","         * this function will test buildLib's default handling-behavior","         */","            options = {};","            local.buildLib(options, onError);","        };","","        local.testCase_buildReadme_default = local.testCase_buildReadme_default || function (","            options,","            onError","        ) {","        /*","         * this function will test buildReadme's default handling-behavior-behavior","         */","            options = {};","            local.buildReadme(options, onError);","        };","","        local.testCase_buildTest_default = local.testCase_buildTest_default || function (","            options,","            onError","        ) {","        /*","         * this function will test buildTest's default handling-behavior","         */","            options = {};","            local.buildTest(options, onError);","        };","","        local.testCase_webpage_default = local.testCase_webpage_default || function (","            options,","            onError","        ) {","        /*","         * this function will test webpage's default handling-behavior","         */","            options = { modeCoverageMerge: true, url: local.serverLocalHost + '?modeTest=1' };","            local.browserTest(options, onError);","        };","","        // run test-server","        local.testRunServer(local);","        break;","    }","}());",""],"l":{"12":2,"14":2,"19":2,"21":2,"23":2,"24":2,"25":2,"30":1,"37":2,"40":2,"43":1,"47":1,"50":1,"52":1,"55":2,"61":2,"62":2,"64":2,"70":1,"76":1,"82":2,"83":2,"85":2,"92":1,"95":1,"102":1,"109":1,"110":1,"113":1,"120":1,"121":1,"122":1,"123":1,"124":1,"125":1,"128":1,"133":2,"134":2,"137":1,"144":2,"145":2,"148":1,"155":2,"156":2,"159":1,"166":2,"167":2,"170":1,"177":1,"178":1,"182":1,"183":1}},"/home/travis/build/npmtest/node-npmtest-airplay-js/lib.npmtest_airplay_js.js":{"path":"/home/travis/build/npmtest/node-npmtest-airplay-js/lib.npmtest_airplay_js.js","s":{"1":2,"2":2,"3":2,"4":2,"5":2,"6":2,"7":2,"8":1,"9":2,"10":2,"11":2,"12":2,"13":1,"14":1,"15":1,"16":1},"b":{"1":[2,1,1,1],"2":[1,1,1,1],"3":[1,1],"4":[2,2],"5":[1,1]},"f":{"1":2,"2":2,"3":2},"fnMap":{"1":{"name":"(anonymous_1)","line":12,"loc":{"start":{"line":12,"column":1},"end":{"line":12,"column":13}}},"2":{"name":"(anonymous_2)","line":19,"loc":{"start":{"line":19,"column":5},"end":{"line":19,"column":17}}},"3":{"name":"(anonymous_3)","line":23,"loc":{"start":{"line":23,"column":24},"end":{"line":23,"column":36}}}},"statementMap":{"1":{"start":{"line":12,"column":0},"end":{"line":53,"column":5}},"2":{"start":{"line":14,"column":4},"end":{"line":14,"column":14}},"3":{"start":{"line":19,"column":4},"end":{"line":52,"column":9}},"4":{"start":{"line":21,"column":8},"end":{"line":21,"column":19}},"5":{"start":{"line":23,"column":8},"end":{"line":35,"column":13}},"6":{"start":{"line":24,"column":12},"end":{"line":34,"column":13}},"7":{"start":{"line":25,"column":16},"end":{"line":28,"column":30}},"8":{"start":{"line":30,"column":16},"end":{"line":33,"column":27}},"9":{"start":{"line":37,"column":8},"end":{"line":39,"column":21}},"10":{"start":{"line":41,"column":8},"end":{"line":41,"column":54}},"11":{"start":{"line":43,"column":8},"end":{"line":43,"column":55}},"12":{"start":{"line":45,"column":8},"end":{"line":51,"column":9}},"13":{"start":{"line":46,"column":12},"end":{"line":46,"column":61}},"14":{"start":{"line":48,"column":12},"end":{"line":48,"column":35}},"15":{"start":{"line":49,"column":12},"end":{"line":49,"column":49}},"16":{"start":{"line":50,"column":12},"end":{"line":50,"column":43}}},"branchMap":{"1":{"line":25,"type":"binary-expr","locations":[{"start":{"line":25,"column":23},"end":{"line":25,"column":62}},{"start":{"line":26,"column":20},"end":{"line":26,"column":70}},{"start":{"line":27,"column":20},"end":{"line":27,"column":71}},{"start":{"line":28,"column":20},"end":{"line":28,"column":29}}]},"2":{"line":30,"type":"binary-expr","locations":[{"start":{"line":30,"column":23},"end":{"line":30,"column":37}},{"start":{"line":31,"column":20},"end":{"line":31,"column":61}},{"start":{"line":32,"column":20},"end":{"line":32,"column":70}},{"start":{"line":33,"column":20},"end":{"line":33,"column":26}}]},"3":{"line":37,"type":"cond-expr","locations":[{"start":{"line":38,"column":14},"end":{"line":38,"column":20}},{"start":{"line":39,"column":14},"end":{"line":39,"column":20}}]},"4":{"line":41,"type":"binary-expr","locations":[{"start":{"line":41,"column":16},"end":{"line":41,"column":44}},{"start":{"line":41,"column":48},"end":{"line":41,"column":53}}]},"5":{"line":45,"type":"if","locations":[{"start":{"line":45,"column":8},"end":{"line":45,"column":8}},{"start":{"line":45,"column":8},"end":{"line":45,"column":8}}]}},"code":["/* istanbul instrument in package npmtest_airplay_js */","/*jslint","    bitwise: true,","    browser: true,","    maxerr: 8,","    maxlen: 96,","    node: true,","    nomen: true,","    regexp: true,","    stupid: true","*/","(function () {","    'use strict';","    var local;","","","","    // run shared js-env code - pre-init","    (function () {","        // init local","        local = {};","        // init modeJs","        local.modeJs = (function () {","            try {","                return typeof navigator.userAgent === 'string' &&","                    typeof document.querySelector('body') === 'object' &&","                    typeof XMLHttpRequest.prototype.open === 'function' &&","                    'browser';","            } catch (errorCaughtBrowser) {","                return module.exports &&","                    typeof process.versions.node === 'string' &&","                    typeof require('http').createServer === 'function' &&","                    'node';","            }","        }());","        // init global","        local.global = local.modeJs === 'browser'","            ? window","            : global;","        // init utility2_rollup","        local = local.global.utility2_rollup || local;","        // init lib","        local.local = local.npmtest_airplay_js = local;","        // init exports","        if (local.modeJs === 'browser') {","            local.global.utility2_npmtest_airplay_js = local;","        } else {","            module.exports = local;","            module.exports.__dirname = __dirname;","            module.exports.module = module;","        }","    }());","}());",""],"l":{"12":2,"14":2,"19":2,"21":2,"23":2,"24":2,"25":2,"30":1,"37":2,"41":2,"43":2,"45":2,"46":1,"48":1,"49":1,"50":1}},"/home/travis/build/npmtest/node-npmtest-airplay-js/example.js":{"path":"/home/travis/build/npmtest/node-npmtest-airplay-js/example.js","s":{"1":2,"2":2,"3":2,"4":2,"5":2,"6":2,"7":2,"8":1,"9":2,"10":2,"11":2,"12":2,"13":1,"14":2,"15":2,"16":2,"17":2,"18":2,"19":0,"20":2,"21":1,"22":1,"23":1,"24":1,"25":1,"26":0,"27":0,"28":1,"29":1,"30":2,"31":0,"32":0,"33":0,"34":1,"35":2,"36":2,"37":2,"38":2,"39":2,"40":2,"41":0,"42":2,"43":2,"44":2,"45":1,"46":3,"47":1,"48":1,"49":1,"50":1,"51":1,"52":1,"53":1,"54":1,"55":1,"56":1,"57":0,"58":1,"59":6,"60":6,"61":1,"62":2,"63":0,"64":2,"65":1,"66":1,"67":0,"68":0,"69":0,"70":0,"71":0,"72":0,"73":0,"74":0,"75":0,"76":0,"77":0,"78":0,"79":0,"80":0,"81":0,"82":0,"83":0},"b":{"1":[2,1,1,1],"2":[1,1,1,1],"3":[1,1],"4":[2,2],"5":[1,1],"6":[1,1],"7":[2,0],"8":[2,1,1,1,1,1],"9":[0,2,0],"10":[1,1],"11":[2,1,1],"12":[1,0],"13":[0,2],"14":[2,0,0,0,0,0,0],"15":[0,2],"16":[2,0],"17":[1,1],"18":[0,1],"19":[1,2,0,2],"20":[1,0],"21":[1,1],"22":[0,0],"23":[0,0],"24":[0,0],"25":[0,0],"26":[0,0],"27":[0,0],"28":[0,0]},"f":{"1":2,"2":2,"3":2,"4":2,"5":2,"6":2,"7":2,"8":2,"9":3,"10":1,"11":6,"12":0},"fnMap":{"1":{"name":"(anonymous_1)","line":26,"loc":{"start":{"line":26,"column":1},"end":{"line":26,"column":13}}},"2":{"name":"(anonymous_2)","line":33,"loc":{"start":{"line":33,"column":5},"end":{"line":33,"column":17}}},"3":{"name":"(anonymous_3)","line":37,"loc":{"start":{"line":37,"column":24},"end":{"line":37,"column":36}}},"4":{"name":"(anonymous_4)","line":69,"loc":{"start":{"line":69,"column":31},"end":{"line":69,"column":48}},"skip":true},"5":{"name":"(anonymous_5)","line":78,"loc":{"start":{"line":78,"column":26},"end":{"line":78,"column":45}},"skip":true},"6":{"name":"(anonymous_6)","line":123,"loc":{"start":{"line":123,"column":33},"end":{"line":123,"column":48}},"skip":true},"7":{"name":"(anonymous_7)","line":125,"loc":{"start":{"line":125,"column":27},"end":{"line":125,"column":39}},"skip":true},"8":{"name":"(anonymous_8)","line":133,"loc":{"start":{"line":133,"column":59},"end":{"line":133,"column":74}},"skip":true},"9":{"name":"(anonymous_9)","line":143,"loc":{"start":{"line":143,"column":45},"end":{"line":143,"column":62}},"skip":true},"10":{"name":"(anonymous_10)","line":144,"loc":{"start":{"line":144,"column":73},"end":{"line":144,"column":92}},"skip":true},"11":{"name":"(anonymous_11)","line":272,"loc":{"start":{"line":272,"column":51},"end":{"line":272,"column":77}},"skip":true},"12":{"name":"(anonymous_12)","line":314,"loc":{"start":{"line":314,"column":32},"end":{"line":314,"column":61}},"skip":true}},"statementMap":{"1":{"start":{"line":26,"column":0},"end":{"line":325,"column":5}},"2":{"start":{"line":28,"column":4},"end":{"line":28,"column":14}},"3":{"start":{"line":33,"column":4},"end":{"line":60,"column":9}},"4":{"start":{"line":35,"column":8},"end":{"line":35,"column":19}},"5":{"start":{"line":37,"column":8},"end":{"line":49,"column":13}},"6":{"start":{"line":38,"column":12},"end":{"line":48,"column":13}},"7":{"start":{"line":39,"column":16},"end":{"line":42,"column":30}},"8":{"start":{"line":44,"column":16},"end":{"line":47,"column":27}},"9":{"start":{"line":51,"column":8},"end":{"line":53,"column":21}},"10":{"start":{"line":55,"column":8},"end":{"line":57,"column":45}},"11":{"start":{"line":59,"column":8},"end":{"line":59,"column":35}},"12":{"start":{"line":61,"column":4},"end":{"line":324,"column":5}},"13":{"start":{"line":69,"column":8},"end":{"line":121,"column":10},"skip":true},"14":{"start":{"line":70,"column":12},"end":{"line":88,"column":13},"skip":true},"15":{"start":{"line":76,"column":16},"end":{"line":87,"column":19},"skip":true},"16":{"start":{"line":79,"column":20},"end":{"line":86,"column":21},"skip":true},"17":{"start":{"line":82,"column":24},"end":{"line":82,"column":43},"skip":true},"18":{"start":{"line":83,"column":24},"end":{"line":83,"column":30},"skip":true},"19":{"start":{"line":85,"column":24},"end":{"line":85,"column":49},"skip":true},"20":{"start":{"line":89,"column":12},"end":{"line":107,"column":13},"skip":true},"21":{"start":{"line":92,"column":16},"end":{"line":102,"column":17},"skip":true},"22":{"start":{"line":93,"column":20},"end":{"line":93,"column":86},"skip":true},"23":{"start":{"line":94,"column":20},"end":{"line":95,"column":45},"skip":true},"24":{"start":{"line":96,"column":20},"end":{"line":96,"column":42},"skip":true},"25":{"start":{"line":97,"column":20},"end":{"line":97,"column":48},"skip":true},"26":{"start":{"line":100,"column":20},"end":{"line":100,"column":85},"skip":true},"27":{"start":{"line":101,"column":20},"end":{"line":101,"column":96},"skip":true},"28":{"start":{"line":103,"column":16},"end":{"line":103,"column":22},"skip":true},"29":{"start":{"line":106,"column":16},"end":{"line":106,"column":22},"skip":true},"30":{"start":{"line":108,"column":12},"end":{"line":120,"column":13},"skip":true},"31":{"start":{"line":114,"column":16},"end":{"line":119,"column":17},"skip":true},"32":{"start":{"line":116,"column":20},"end":{"line":116,"column":78},"skip":true},"33":{"start":{"line":118,"column":20},"end":{"line":118,"column":47},"skip":true},"34":{"start":{"line":123,"column":8},"end":{"line":141,"column":11},"skip":true},"35":{"start":{"line":124,"column":12},"end":{"line":124,"column":54},"skip":true},"36":{"start":{"line":125,"column":12},"end":{"line":140,"column":14},"skip":true},"37":{"start":{"line":126,"column":16},"end":{"line":126,"column":28},"skip":true},"38":{"start":{"line":127,"column":16},"end":{"line":127,"column":69},"skip":true},"39":{"start":{"line":128,"column":16},"end":{"line":128,"column":75},"skip":true},"40":{"start":{"line":129,"column":16},"end":{"line":131,"column":17},"skip":true},"41":{"start":{"line":130,"column":20},"end":{"line":130,"column":27},"skip":true},"42":{"start":{"line":133,"column":16},"end":{"line":137,"column":36},"skip":true},"43":{"start":{"line":134,"column":20},"end":{"line":136,"column":55},"skip":true},"44":{"start":{"line":139,"column":16},"end":{"line":139,"column":57},"skip":true},"45":{"start":{"line":143,"column":8},"end":{"line":147,"column":11},"skip":true},"46":{"start":{"line":144,"column":12},"end":{"line":146,"column":15},"skip":true},"47":{"start":{"line":145,"column":16},"end":{"line":145,"column":70},"skip":true},"48":{"start":{"line":149,"column":8},"end":{"line":149,"column":31},"skip":true},"49":{"start":{"line":150,"column":8},"end":{"line":150,"column":14},"skip":true},"50":{"start":{"line":158,"column":8},"end":{"line":158,"column":31},"skip":true},"51":{"start":{"line":160,"column":8},"end":{"line":160,"column":33},"skip":true},"52":{"start":{"line":161,"column":8},"end":{"line":161,"column":37},"skip":true},"53":{"start":{"line":162,"column":8},"end":{"line":162,"column":35},"skip":true},"54":{"start":{"line":164,"column":8},"end":{"line":164,"column":50},"skip":true},"55":{"start":{"line":166,"column":8},"end":{"line":256,"column":2},"skip":true},"56":{"start":{"line":258,"column":8},"end":{"line":286,"column":9},"skip":true},"57":{"start":{"line":259,"column":12},"end":{"line":269,"column":14},"skip":true},"58":{"start":{"line":271,"column":12},"end":{"line":285,"column":19},"skip":true},"59":{"start":{"line":274,"column":20},"end":{"line":274,"column":35},"skip":true},"60":{"start":{"line":275,"column":20},"end":{"line":284,"column":21},"skip":true},"61":{"start":{"line":277,"column":24},"end":{"line":277,"column":64},"skip":true},"62":{"start":{"line":279,"column":24},"end":{"line":279,"column":40},"skip":true},"63":{"start":{"line":281,"column":24},"end":{"line":281,"column":40},"skip":true},"64":{"start":{"line":283,"column":24},"end":{"line":283,"column":39},"skip":true},"65":{"start":{"line":288,"column":8},"end":{"line":290,"column":9},"skip":true},"66":{"start":{"line":289,"column":12},"end":{"line":289,"column":18},"skip":true},"67":{"start":{"line":291,"column":8},"end":{"line":293,"column":54},"skip":true},"68":{"start":{"line":294,"column":8},"end":{"line":301,"column":37},"skip":true},"69":{"start":{"line":302,"column":8},"end":{"line":302,"column":82},"skip":true},"70":{"start":{"line":305,"column":8},"end":{"line":307,"column":9},"skip":true},"71":{"start":{"line":306,"column":12},"end":{"line":306,"column":82},"skip":true},"72":{"start":{"line":309,"column":8},"end":{"line":311,"column":9},"skip":true},"73":{"start":{"line":310,"column":12},"end":{"line":310,"column":18},"skip":true},"74":{"start":{"line":312,"column":8},"end":{"line":312,"column":54},"skip":true},"75":{"start":{"line":313,"column":8},"end":{"line":313,"column":69},"skip":true},"76":{"start":{"line":314,"column":8},"end":{"line":322,"column":36},"skip":true},"77":{"start":{"line":315,"column":12},"end":{"line":315,"column":61},"skip":true},"78":{"start":{"line":316,"column":12},"end":{"line":319,"column":13},"skip":true},"79":{"start":{"line":317,"column":16},"end":{"line":317,"column":75},"skip":true},"80":{"start":{"line":318,"column":16},"end":{"line":318,"column":23},"skip":true},"81":{"start":{"line":320,"column":12},"end":{"line":320,"column":38},"skip":true},"82":{"start":{"line":321,"column":12},"end":{"line":321,"column":27},"skip":true},"83":{"start":{"line":323,"column":8},"end":{"line":323,"column":14},"skip":true}},"branchMap":{"1":{"line":39,"type":"binary-expr","locations":[{"start":{"line":39,"column":23},"end":{"line":39,"column":62}},{"start":{"line":40,"column":20},"end":{"line":40,"column":70}},{"start":{"line":41,"column":20},"end":{"line":41,"column":71}},{"start":{"line":42,"column":20},"end":{"line":42,"column":29}}]},"2":{"line":44,"type":"binary-expr","locations":[{"start":{"line":44,"column":23},"end":{"line":44,"column":37}},{"start":{"line":45,"column":20},"end":{"line":45,"column":61}},{"start":{"line":46,"column":20},"end":{"line":46,"column":70}},{"start":{"line":47,"column":20},"end":{"line":47,"column":26}}]},"3":{"line":51,"type":"cond-expr","locations":[{"start":{"line":52,"column":14},"end":{"line":52,"column":20}},{"start":{"line":53,"column":14},"end":{"line":53,"column":20}}]},"4":{"line":55,"type":"binary-expr","locations":[{"start":{"line":55,"column":16},"end":{"line":55,"column":44}},{"start":{"line":55,"column":49},"end":{"line":57,"column":43}}]},"5":{"line":55,"type":"cond-expr","locations":[{"start":{"line":56,"column":14},"end":{"line":56,"column":54}},{"start":{"line":57,"column":14},"end":{"line":57,"column":43}}]},"6":{"line":61,"type":"switch","locations":[{"start":{"line":68,"column":4},"end":{"line":150,"column":14},"skip":true},{"start":{"line":156,"column":4},"end":{"line":323,"column":14},"skip":true}]},"7":{"line":70,"type":"if","locations":[{"start":{"line":70,"column":12},"end":{"line":70,"column":12},"skip":true},{"start":{"line":70,"column":12},"end":{"line":70,"column":12},"skip":true}]},"8":{"line":70,"type":"binary-expr","locations":[{"start":{"line":70,"column":16},"end":{"line":70,"column":22},"skip":true},{"start":{"line":70,"column":27},"end":{"line":70,"column":32},"skip":true},{"start":{"line":71,"column":20},"end":{"line":71,"column":39},"skip":true},{"start":{"line":72,"column":20},"end":{"line":72,"column":49},"skip":true},{"start":{"line":73,"column":20},"end":{"line":73,"column":58},"skip":true},{"start":{"line":74,"column":20},"end":{"line":74,"column":69},"skip":true}]},"9":{"line":79,"type":"switch","locations":[{"start":{"line":80,"column":20},"end":{"line":80,"column":33},"skip":true},{"start":{"line":81,"column":20},"end":{"line":83,"column":30},"skip":true},{"start":{"line":84,"column":20},"end":{"line":85,"column":49},"skip":true}]},"10":{"line":89,"type":"switch","locations":[{"start":{"line":90,"column":12},"end":{"line":103,"column":22},"skip":true},{"start":{"line":105,"column":12},"end":{"line":106,"column":22},"skip":true}]},"11":{"line":89,"type":"binary-expr","locations":[{"start":{"line":89,"column":20},"end":{"line":89,"column":25},"skip":true},{"start":{"line":89,"column":29},"end":{"line":89,"column":48},"skip":true},{"start":{"line":89,"column":52},"end":{"line":89,"column":74},"skip":true}]},"12":{"line":92,"type":"if","locations":[{"start":{"line":92,"column":16},"end":{"line":92,"column":16},"skip":true},{"start":{"line":92,"column":16},"end":{"line":92,"column":16},"skip":true}]},"13":{"line":108,"type":"if","locations":[{"start":{"line":108,"column":12},"end":{"line":108,"column":12},"skip":true},{"start":{"line":108,"column":12},"end":{"line":108,"column":12},"skip":true}]},"14":{"line":108,"type":"binary-expr","locations":[{"start":{"line":108,"column":16},"end":{"line":108,"column":61},"skip":true},{"start":{"line":108,"column":66},"end":{"line":108,"column":72},"skip":true},{"start":{"line":108,"column":77},"end":{"line":108,"column":82},"skip":true},{"start":{"line":109,"column":20},"end":{"line":109,"column":39},"skip":true},{"start":{"line":110,"column":20},"end":{"line":110,"column":49},"skip":true},{"start":{"line":111,"column":20},"end":{"line":111,"column":58},"skip":true},{"start":{"line":112,"column":20},"end":{"line":112,"column":68},"skip":true}]},"15":{"line":129,"type":"if","locations":[{"start":{"line":129,"column":16},"end":{"line":129,"column":16},"skip":true},{"start":{"line":129,"column":16},"end":{"line":129,"column":16},"skip":true}]},"16":{"line":134,"type":"cond-expr","locations":[{"start":{"line":135,"column":26},"end":{"line":135,"column":29},"skip":true},{"start":{"line":136,"column":26},"end":{"line":136,"column":54},"skip":true}]},"17":{"line":164,"type":"binary-expr","locations":[{"start":{"line":164,"column":27},"end":{"line":164,"column":43},"skip":true},{"start":{"line":164,"column":47},"end":{"line":164,"column":49},"skip":true}]},"18":{"line":258,"type":"if","locations":[{"start":{"line":258,"column":8},"end":{"line":258,"column":8},"skip":true},{"start":{"line":258,"column":8},"end":{"line":258,"column":8},"skip":true}]},"19":{"line":275,"type":"switch","locations":[{"start":{"line":276,"column":20},"end":{"line":277,"column":64},"skip":true},{"start":{"line":278,"column":20},"end":{"line":279,"column":40},"skip":true},{"start":{"line":280,"column":20},"end":{"line":281,"column":40},"skip":true},{"start":{"line":282,"column":20},"end":{"line":283,"column":39},"skip":true}]},"20":{"line":288,"type":"if","locations":[{"start":{"line":288,"column":8},"end":{"line":288,"column":8},"skip":true},{"start":{"line":288,"column":8},"end":{"line":288,"column":8},"skip":true}]},"21":{"line":288,"type":"binary-expr","locations":[{"start":{"line":288,"column":12},"end":{"line":288,"column":40},"skip":true},{"start":{"line":288,"column":44},"end":{"line":288,"column":67},"skip":true}]},"22":{"line":292,"type":"binary-expr","locations":[{"start":{"line":292,"column":12},"end":{"line":292,"column":50},"skip":true},{"start":{"line":293,"column":12},"end":{"line":293,"column":53},"skip":true}]},"23":{"line":295,"type":"binary-expr","locations":[{"start":{"line":295,"column":12},"end":{"line":295,"column":68},"skip":true},{"start":{"line":296,"column":12},"end":{"line":301,"column":36},"skip":true}]},"24":{"line":302,"type":"binary-expr","locations":[{"start":{"line":302,"column":43},"end":{"line":302,"column":75},"skip":true},{"start":{"line":302,"column":79},"end":{"line":302,"column":81},"skip":true}]},"25":{"line":305,"type":"if","locations":[{"start":{"line":305,"column":8},"end":{"line":305,"column":8},"skip":true},{"start":{"line":305,"column":8},"end":{"line":305,"column":8},"skip":true}]},"26":{"line":309,"type":"if","locations":[{"start":{"line":309,"column":8},"end":{"line":309,"column":8},"skip":true},{"start":{"line":309,"column":8},"end":{"line":309,"column":8},"skip":true}]},"27":{"line":312,"type":"binary-expr","locations":[{"start":{"line":312,"column":27},"end":{"line":312,"column":43},"skip":true},{"start":{"line":312,"column":47},"end":{"line":312,"column":53},"skip":true}]},"28":{"line":316,"type":"if","locations":[{"start":{"line":316,"column":12},"end":{"line":316,"column":12},"skip":true},{"start":{"line":316,"column":12},"end":{"line":316,"column":12},"skip":true}]}},"code":["/*","example.js","","quickstart example","","instruction","    1. save this script as example.js","    2. run the shell command:","        $ npm install npmtest-airplay-js && PORT=8081 node example.js","    3. play with the browser-demo on http://127.0.0.1:8081","*/","","","","/* istanbul instrument in package npmtest_airplay_js */","/*jslint","    bitwise: true,","    browser: true,","    maxerr: 8,","    maxlen: 96,","    node: true,","    nomen: true,","    regexp: true,","    stupid: true","*/","(function () {","    'use strict';","    var local;","","","","    // run shared js-env code - pre-init","    (function () {","        // init local","        local = {};","        // init modeJs","        local.modeJs = (function () {","            try {","                return typeof navigator.userAgent === 'string' &&","                    typeof document.querySelector('body') === 'object' &&","                    typeof XMLHttpRequest.prototype.open === 'function' &&","                    'browser';","            } catch (errorCaughtBrowser) {","                return module.exports &&","                    typeof process.versions.node === 'string' &&","                    typeof require('http').createServer === 'function' &&","                    'node';","            }","        }());","        // init global","        local.global = local.modeJs === 'browser'","            ? window","            : global;","        // init utility2_rollup","        local = local.global.utility2_rollup || (local.modeJs === 'browser'","            ? local.global.utility2_npmtest_airplay_js","            : global.utility2_moduleExports);","        // export local","        local.global.local = local;","    }());","    switch (local.modeJs) {","","","","    // post-init","    // run browser js-env code - post-init","    /* istanbul ignore next */","    case 'browser':","        local.testRunBrowser = function (event) {","            if (!event || (event &&","                    event.currentTarget &&","                    event.currentTarget.className &&","                    event.currentTarget.className.includes &&","                    event.currentTarget.className.includes('onreset'))) {","                // reset output","                Array.from(","                    document.querySelectorAll('body > .resettable')","                ).forEach(function (element) {","                    switch (element.tagName) {","                    case 'INPUT':","                    case 'TEXTAREA':","                        element.value = '';","                        break;","                    default:","                        element.textContent = '';","                    }","                });","            }","            switch (event && event.currentTarget && event.currentTarget.id) {","            case 'testRunButton1':","                // show tests","                if (document.querySelector('#testReportDiv1').style.display === 'none') {","                    document.querySelector('#testReportDiv1').style.display = 'block';","                    document.querySelector('#testRunButton1').textContent =","                        'hide internal test';","                    local.modeTest = true;","                    local.testRunDefault(local);","                // hide tests","                } else {","                    document.querySelector('#testReportDiv1').style.display = 'none';","                    document.querySelector('#testRunButton1').textContent = 'run internal test';","                }","                break;","            // custom-case","            default:","                break;","            }","            if (document.querySelector('#inputTextareaEval1') && (!event || (event &&","                    event.currentTarget &&","                    event.currentTarget.className &&","                    event.currentTarget.className.includes &&","                    event.currentTarget.className.includes('oneval')))) {","                // try to eval input-code","                try {","                    /*jslint evil: true*/","                    eval(document.querySelector('#inputTextareaEval1').value);","                } catch (errorCaught) {","                    console.error(errorCaught);","                }","            }","        };","        // log stderr and stdout to #outputTextareaStdout1","        ['error', 'log'].forEach(function (key) {","            console[key + '_original'] = console[key];","            console[key] = function () {","                var element;","                console[key + '_original'].apply(console, arguments);","                element = document.querySelector('#outputTextareaStdout1');","                if (!element) {","                    return;","                }","                // append text to #outputTextareaStdout1","                element.value += Array.from(arguments).map(function (arg) {","                    return typeof arg === 'string'","                        ? arg","                        : JSON.stringify(arg, null, 4);","                }).join(' ') + '\\n';","                // scroll textarea to bottom","                element.scrollTop = element.scrollHeight;","            };","        });","        // init event-handling","        ['change', 'click', 'keyup'].forEach(function (event) {","            Array.from(document.querySelectorAll('.on' + event)).forEach(function (element) {","                element.addEventListener(event, local.testRunBrowser);","            });","        });","        // run tests","        local.testRunBrowser();","        break;","","","","    // run node js-env code - post-init","    /* istanbul ignore next */","    case 'node':","        // export local","        module.exports = local;","        // require modules","        local.fs = require('fs');","        local.http = require('http');","        local.url = require('url');","        // init assets","        local.assetsDict = local.assetsDict || {};","        /* jslint-ignore-begin */","        local.assetsDict['/assets.index.template.html'] = '\\","<!doctype html>\\n\\","<html lang=\"en\">\\n\\","<head>\\n\\","<meta charset=\"UTF-8\">\\n\\","<meta name=\"viewport\" content=\"width=device-width, initial-scale=1\">\\n\\","<title>{{env.npm_package_name}} (v{{env.npm_package_version}})</title>\\n\\","<style>\\n\\","/*csslint\\n\\","    box-sizing: false,\\n\\","    universal-selector: false\\n\\","*/\\n\\","* {\\n\\","    box-sizing: border-box;\\n\\","}\\n\\","body {\\n\\","    background: #dde;\\n\\","    font-family: Arial, Helvetica, sans-serif;\\n\\","    margin: 2rem;\\n\\","}\\n\\","body > * {\\n\\","    margin-bottom: 1rem;\\n\\","}\\n\\",".utility2FooterDiv {\\n\\","    margin-top: 20px;\\n\\","    text-align: center;\\n\\","}\\n\\","</style>\\n\\","<style>\\n\\","/*csslint\\n\\","*/\\n\\","textarea {\\n\\","    font-family: monospace;\\n\\","    height: 10rem;\\n\\","    width: 100%;\\n\\","}\\n\\","textarea[readonly] {\\n\\","    background: #ddd;\\n\\","}\\n\\","</style>\\n\\","</head>\\n\\","<body>\\n\\","<!-- utility2-comment\\n\\","<div id=\"ajaxProgressDiv1\" style=\"background: #d00; height: 2px; left: 0; margin: 0; padding: 0; position: fixed; top: 0; transition: background 0.5s, width 1.5s; width: 25%;\"></div>\\n\\","utility2-comment -->\\n\\","<h1>\\n\\","<!-- utility2-comment\\n\\","    <a\\n\\","        {{#if env.npm_package_homepage}}\\n\\","        href=\"{{env.npm_package_homepage}}\"\\n\\","        {{/if env.npm_package_homepage}}\\n\\","        target=\"_blank\"\\n\\","    >\\n\\","utility2-comment -->\\n\\","        {{env.npm_package_name}} (v{{env.npm_package_version}})\\n\\","<!-- utility2-comment\\n\\","    </a>\\n\\","utility2-comment -->\\n\\","</h1>\\n\\","<h3>{{env.npm_package_description}}</h3>\\n\\","<!-- utility2-comment\\n\\","<h4><a download href=\"assets.app.js\">download standalone app</a></h4>\\n\\","<button class=\"onclick onreset\" id=\"testRunButton1\">run internal test</button><br>\\n\\","<div id=\"testReportDiv1\" style=\"display: none;\"></div>\\n\\","utility2-comment -->\\n\\","\\n\\","\\n\\","\\n\\","<label>stderr and stdout</label>\\n\\","<textarea class=\"resettable\" id=\"outputTextareaStdout1\" readonly></textarea>\\n\\","<!-- utility2-comment\\n\\","{{#if isRollup}}\\n\\","<script src=\"assets.app.js\"></script>\\n\\","{{#unless isRollup}}\\n\\","utility2-comment -->\\n\\","<script src=\"assets.utility2.rollup.js\"></script>\\n\\","<script src=\"jsonp.utility2._stateInit?callback=window.utility2._stateInit\"></script>\\n\\","<script src=\"assets.npmtest_airplay_js.rollup.js\"></script>\\n\\","<script src=\"assets.example.js\"></script>\\n\\","<script src=\"assets.test.js\"></script>\\n\\","<!-- utility2-comment\\n\\","{{/if isRollup}}\\n\\","utility2-comment -->\\n\\","<div class=\"utility2FooterDiv\">\\n\\","    [ this app was created with\\n\\","    <a href=\"https://github.com/kaizhu256/node-utility2\" target=\"_blank\">utility2</a>\\n\\","    ]\\n\\","</div>\\n\\","</body>\\n\\","</html>\\n\\","';","        /* jslint-ignore-end */","        if (local.templateRender) {","            local.assetsDict['/'] = local.templateRender(","                local.assetsDict['/assets.index.template.html'],","                {","                    env: local.objectSetDefault(local.env, {","                        npm_package_description: 'the greatest app in the world!',","                        npm_package_name: 'my-app',","                        npm_package_nameAlias: 'my_app',","                        npm_package_version: '0.0.1'","                    })","                }","            );","        } else {","            local.assetsDict['/'] = local.assetsDict['/assets.index.template.html']","                .replace((/\\{\\{env\\.(\\w+?)\\}\\}/g), function (match0, match1) {","                    // jslint-hack","                    String(match0);","                    switch (match1) {","                    case 'npm_package_description':","                        return 'the greatest app in the world!';","                    case 'npm_package_name':","                        return 'my-app';","                    case 'npm_package_nameAlias':","                        return 'my_app';","                    case 'npm_package_version':","                        return '0.0.1';","                    }","                });","        }","        // run the cli","        if (local.global.utility2_rollup || module !== require.main) {","            break;","        }","        local.assetsDict['/assets.example.js'] =","            local.assetsDict['/assets.example.js'] ||","            local.fs.readFileSync(__filename, 'utf8');","        local.assetsDict['/assets.npmtest_airplay_js.rollup.js'] =","            local.assetsDict['/assets.npmtest_airplay_js.rollup.js'] ||","            local.fs.readFileSync(","                // buildCustomOrg-hack","                local.npmtest_airplay_js.__dirname +","                    '/lib.npmtest_airplay_js.js',","                'utf8'","            ).replace((/^#!/), '//');","        local.assetsDict['/favicon.ico'] = local.assetsDict['/favicon.ico'] || '';","        // if $npm_config_timeout_exit exists,","        // then exit this process after $npm_config_timeout_exit ms","        if (Number(process.env.npm_config_timeout_exit)) {","            setTimeout(process.exit, Number(process.env.npm_config_timeout_exit));","        }","        // start server","        if (local.global.utility2_serverHttp1) {","            break;","        }","        process.env.PORT = process.env.PORT || '8081';","        console.error('server starting on port ' + process.env.PORT);","        local.http.createServer(function (request, response) {","            request.urlParsed = local.url.parse(request.url);","            if (local.assetsDict[request.urlParsed.pathname] !== undefined) {","                response.end(local.assetsDict[request.urlParsed.pathname]);","                return;","            }","            response.statusCode = 404;","            response.end();","        }).listen(process.env.PORT);","        break;","    }","}());",""],"l":{"26":2,"28":2,"33":2,"35":2,"37":2,"38":2,"39":2,"44":1,"51":2,"55":2,"59":2,"61":2,"69":1,"70":2,"76":2,"79":2,"82":2,"83":2,"85":1,"89":2,"92":1,"93":1,"94":1,"96":1,"97":1,"100":1,"101":1,"103":1,"106":1,"108":2,"114":1,"116":1,"118":1,"123":1,"124":2,"125":2,"126":2,"127":2,"128":2,"129":2,"130":1,"133":2,"134":2,"139":2,"143":1,"144":3,"145":1,"149":1,"150":1,"158":1,"160":1,"161":1,"162":1,"164":1,"166":1,"258":1,"259":1,"271":1,"274":6,"275":6,"277":1,"279":2,"281":1,"283":2,"288":1,"289":1,"291":1,"294":1,"302":1,"305":1,"306":1,"309":1,"310":1,"312":1,"313":1,"314":1,"315":1,"316":1,"317":1,"318":1,"320":1,"321":1,"323":1}},"/home/travis/build/npmtest/node-npmtest-airplay-js/node_modules/airplay-js/airplay.js":{"path":"/home/travis/build/npmtest/node-npmtest-airplay-js/node_modules/airplay-js/airplay.js","s":{"1":1,"2":1,"3":1,"4":1,"5":0,"6":1,"7":0,"8":1,"9":0},"b":{},"f":{"1":0,"2":0,"3":0},"fnMap":{"1":{"name":"(anonymous_1)","line":12,"loc":{"start":{"line":12,"column":20},"end":{"line":12,"column":41}}},"2":{"name":"(anonymous_2)","line":22,"loc":{"start":{"line":22,"column":24},"end":{"line":22,"column":45}}},"3":{"name":"(anonymous_3)","line":34,"loc":{"start":{"line":34,"column":18},"end":{"line":34,"column":58}}}},"statementMap":{"1":{"start":{"line":1,"column":0},"end":{"line":1,"column":57}},"2":{"start":{"line":2,"column":0},"end":{"line":2,"column":54}},"3":{"start":{"line":3,"column":0},"end":{"line":3,"column":45}},"4":{"start":{"line":12,"column":0},"end":{"line":14,"column":2}},"5":{"start":{"line":13,"column":4},"end":{"line":13,"column":38}},"6":{"start":{"line":22,"column":0},"end":{"line":24,"column":2}},"7":{"start":{"line":23,"column":4},"end":{"line":23,"column":42}},"8":{"start":{"line":34,"column":0},"end":{"line":36,"column":2}},"9":{"start":{"line":35,"column":4},"end":{"line":35,"column":32}}},"branchMap":{},"code":["exports.Browser = require( './airplay/browser' ).Browser;","exports.Device = require( './airplay/device' ).Device;","exports.HLS = require( './airplay/hls' ).HLS;","","","/**"," * create a HLS Server"," * "," * @param {Object=} options"," * @return {HLS} instance of HLS"," */","exports.createHLS = function ( options ) {","    return new exports.HLS( options );","};","","/**"," * create a Browser"," * "," * @param {Object=} options"," * @return {Browser} instance of Browser"," */","exports.createBrowser = function ( options ) {","    return new exports.Browser( options );","};","","/**"," * connect a airplay device"," * "," * @param {string} host airplay host"," * @param {number} port airplay port"," * @param {string=} pass pass"," * @param {Function=} callback callback function"," */","exports.connect = function ( host, port, pass, callback ) {","    throw 'not yet implemented';","};"],"l":{"1":1,"2":1,"3":1,"12":1,"13":0,"22":1,"23":0,"34":1,"35":0}},"/home/travis/build/npmtest/node-npmtest-airplay-js/node_modules/airplay-js/airplay/browser.js":{"path":"/home/travis/build/npmtest/node-npmtest-airplay-js/node_modules/airplay-js/airplay/browser.js","s":{"1":1,"2":1,"3":1,"4":1,"5":1,"6":0,"7":0,"8":1,"9":1,"10":1,"11":0,"12":0,"13":0,"14":0,"15":0,"16":0,"17":0,"18":0,"19":0,"20":0,"21":0,"22":0,"23":0,"24":0,"25":0,"26":0,"27":0,"28":0,"29":0,"30":0,"31":0,"32":0,"33":0,"34":0,"35":0,"36":1,"37":0,"38":0,"39":1,"40":0,"41":0,"42":1,"43":0,"44":0,"45":0,"46":1,"47":0,"48":0,"49":0,"50":0,"51":1,"52":0,"53":0,"54":0,"55":1,"56":0,"57":0,"58":0,"59":0,"60":0,"61":0},"b":{"1":[0,0],"2":[0,0,0],"3":[0,0],"4":[0,0],"5":[0,0],"6":[0,0],"7":[0,0],"8":[0,0],"9":[0,0,0],"10":[0,0],"11":[0,0]},"f":{"1":0,"2":0,"3":0,"4":0,"5":0,"6":0,"7":0,"8":0,"9":0,"10":0,"11":0,"12":0,"13":0},"fnMap":{"1":{"name":"(anonymous_1)","line":17,"loc":{"start":{"line":17,"column":14},"end":{"line":17,"column":34}}},"2":{"name":"(anonymous_2)","line":29,"loc":{"start":{"line":29,"column":25},"end":{"line":29,"column":46}}},"3":{"name":"(anonymous_3)","line":38,"loc":{"start":{"line":38,"column":24},"end":{"line":38,"column":36}}},"4":{"name":"(anonymous_4)","line":42,"loc":{"start":{"line":42,"column":28},"end":{"line":42,"column":43}}},"5":{"name":"(anonymous_5)","line":49,"loc":{"start":{"line":49,"column":32},"end":{"line":49,"column":46}}},"6":{"name":"(anonymous_6)","line":52,"loc":{"start":{"line":52,"column":32},"end":{"line":52,"column":46}}},"7":{"name":"(anonymous_7)","line":61,"loc":{"start":{"line":61,"column":30},"end":{"line":61,"column":45}}},"8":{"name":"(anonymous_8)","line":73,"loc":{"start":{"line":73,"column":26},"end":{"line":73,"column":38}}},"9":{"name":"(anonymous_9)","line":78,"loc":{"start":{"line":78,"column":25},"end":{"line":78,"column":36}}},"10":{"name":"(anonymous_10)","line":83,"loc":{"start":{"line":83,"column":28},"end":{"line":83,"column":46}}},"11":{"name":"(anonymous_11)","line":90,"loc":{"start":{"line":90,"column":30},"end":{"line":90,"column":48}}},"12":{"name":"(anonymous_12)","line":99,"loc":{"start":{"line":99,"column":34},"end":{"line":99,"column":67}}},"13":{"name":"(anonymous_13)","line":106,"loc":{"start":{"line":106,"column":31},"end":{"line":106,"column":54}}}},"statementMap":{"1":{"start":{"line":9,"column":0},"end":{"line":9,"column":29}},"2":{"start":{"line":10,"column":0},"end":{"line":10,"column":33}},"3":{"start":{"line":13,"column":0},"end":{"line":13,"column":32}},"4":{"start":{"line":15,"column":0},"end":{"line":15,"column":42}},"5":{"start":{"line":17,"column":0},"end":{"line":20,"column":2}},"6":{"start":{"line":18,"column":4},"end":{"line":18,"column":37}},"7":{"start":{"line":19,"column":4},"end":{"line":19,"column":25}},"8":{"start":{"line":22,"column":0},"end":{"line":22,"column":46}},"9":{"start":{"line":24,"column":0},"end":{"line":24,"column":26}},"10":{"start":{"line":29,"column":0},"end":{"line":71,"column":2}},"11":{"start":{"line":30,"column":4},"end":{"line":30,"column":20}},"12":{"start":{"line":31,"column":4},"end":{"line":31,"column":25}},"13":{"start":{"line":33,"column":4},"end":{"line":33,"column":22}},"14":{"start":{"line":34,"column":4},"end":{"line":34,"column":23}},"15":{"start":{"line":36,"column":4},"end":{"line":36,"column":58}},"16":{"start":{"line":38,"column":4},"end":{"line":40,"column":7}},"17":{"start":{"line":39,"column":8},"end":{"line":39,"column":27}},"18":{"start":{"line":42,"column":4},"end":{"line":59,"column":7}},"19":{"start":{"line":43,"column":8},"end":{"line":58,"column":9}},"20":{"start":{"line":44,"column":12},"end":{"line":44,"column":37}},"21":{"start":{"line":45,"column":12},"end":{"line":45,"column":32}},"22":{"start":{"line":46,"column":12},"end":{"line":46,"column":45}},"23":{"start":{"line":48,"column":12},"end":{"line":48,"column":63}},"24":{"start":{"line":49,"column":12},"end":{"line":51,"column":15}},"25":{"start":{"line":50,"column":16},"end":{"line":50,"column":43}},"26":{"start":{"line":52,"column":12},"end":{"line":55,"column":15}},"27":{"start":{"line":53,"column":16},"end":{"line":53,"column":44}},"28":{"start":{"line":54,"column":16},"end":{"line":54,"column":44}},"29":{"start":{"line":57,"column":12},"end":{"line":57,"column":47}},"30":{"start":{"line":61,"column":4},"end":{"line":70,"column":7}},"31":{"start":{"line":62,"column":6},"end":{"line":64,"column":9}},"32":{"start":{"line":63,"column":12},"end":{"line":63,"column":19}},"33":{"start":{"line":66,"column":8},"end":{"line":66,"column":44}},"34":{"start":{"line":67,"column":8},"end":{"line":69,"column":9}},"35":{"start":{"line":68,"column":12},"end":{"line":68,"column":27}},"36":{"start":{"line":73,"column":0},"end":{"line":76,"column":2}},"37":{"start":{"line":74,"column":4},"end":{"line":74,"column":25}},"38":{"start":{"line":75,"column":4},"end":{"line":75,"column":16}},"39":{"start":{"line":78,"column":0},"end":{"line":81,"column":2}},"40":{"start":{"line":79,"column":4},"end":{"line":79,"column":24}},"41":{"start":{"line":80,"column":4},"end":{"line":80,"column":16}},"42":{"start":{"line":83,"column":0},"end":{"line":88,"column":2}},"43":{"start":{"line":84,"column":4},"end":{"line":86,"column":5}},"44":{"start":{"line":85,"column":8},"end":{"line":85,"column":18}},"45":{"start":{"line":87,"column":4},"end":{"line":87,"column":14}},"46":{"start":{"line":90,"column":0},"end":{"line":97,"column":2}},"47":{"start":{"line":91,"column":4},"end":{"line":96,"column":5}},"48":{"start":{"line":92,"column":8},"end":{"line":92,"column":46}},"49":{"start":{"line":93,"column":8},"end":{"line":95,"column":9}},"50":{"start":{"line":94,"column":12},"end":{"line":94,"column":26}},"51":{"start":{"line":99,"column":0},"end":{"line":104,"column":2}},"52":{"start":{"line":100,"column":4},"end":{"line":100,"column":42}},"53":{"start":{"line":101,"column":4},"end":{"line":103,"column":5}},"54":{"start":{"line":102,"column":8},"end":{"line":102,"column":22}},"55":{"start":{"line":106,"column":0},"end":{"line":115,"column":2}},"56":{"start":{"line":107,"column":4},"end":{"line":107,"column":21}},"57":{"start":{"line":108,"column":4},"end":{"line":113,"column":5}},"58":{"start":{"line":109,"column":8},"end":{"line":109,"column":46}},"59":{"start":{"line":110,"column":8},"end":{"line":112,"column":9}},"60":{"start":{"line":111,"column":12},"end":{"line":111,"column":35}},"61":{"start":{"line":114,"column":4},"end":{"line":114,"column":19}}},"branchMap":{"1":{"line":43,"type":"if","locations":[{"start":{"line":43,"column":8},"end":{"line":43,"column":8}},{"start":{"line":43,"column":8},"end":{"line":43,"column":8}}]},"2":{"line":43,"type":"binary-expr","locations":[{"start":{"line":43,"column":11},"end":{"line":43,"column":20}},{"start":{"line":43,"column":24},"end":{"line":43,"column":41}},{"start":{"line":43,"column":45},"end":{"line":43,"column":85}}]},"3":{"line":62,"type":"if","locations":[{"start":{"line":62,"column":6},"end":{"line":62,"column":6}},{"start":{"line":62,"column":6},"end":{"line":62,"column":6}}]},"4":{"line":67,"type":"if","locations":[{"start":{"line":67,"column":8},"end":{"line":67,"column":8}},{"start":{"line":67,"column":8},"end":{"line":67,"column":8}}]},"5":{"line":84,"type":"if","locations":[{"start":{"line":84,"column":4},"end":{"line":84,"column":4}},{"start":{"line":84,"column":4},"end":{"line":84,"column":4}}]},"6":{"line":84,"type":"binary-expr","locations":[{"start":{"line":84,"column":9},"end":{"line":84,"column":14}},{"start":{"line":84,"column":18},"end":{"line":84,"column":58}}]},"7":{"line":93,"type":"if","locations":[{"start":{"line":93,"column":8},"end":{"line":93,"column":8}},{"start":{"line":93,"column":8},"end":{"line":93,"column":8}}]},"8":{"line":101,"type":"if","locations":[{"start":{"line":101,"column":4},"end":{"line":101,"column":4}},{"start":{"line":101,"column":4},"end":{"line":101,"column":4}}]},"9":{"line":101,"type":"binary-expr","locations":[{"start":{"line":101,"column":9},"end":{"line":101,"column":15}},{"start":{"line":101,"column":21},"end":{"line":101,"column":30}},{"start":{"line":101,"column":34},"end":{"line":101,"column":50}}]},"10":{"line":110,"type":"if","locations":[{"start":{"line":110,"column":8},"end":{"line":110,"column":8}},{"start":{"line":110,"column":8},"end":{"line":110,"column":8}}]},"11":{"line":110,"type":"binary-expr","locations":[{"start":{"line":110,"column":13},"end":{"line":110,"column":22}},{"start":{"line":110,"column":26},"end":{"line":110,"column":42}}]}},"code":["/**"," * node-airplay"," *"," * @file bojour server"," * @author zfkun(zfkun@msn.com)"," * @thanks https://github.com/benvanik/node-airplay/blob/master/lib/airplay/browser.js"," */","","var util = require( 'util' );","var events = require( 'events' );","//var mdns = require( 'mdns' );","","var mdns = require( 'mdns-js' );","","var Device = require( './device' ).Device;","","var Browser = function( options ) {","    events.EventEmitter.call( this );","    this.init( options );","};","","util.inherits( Browser, events.EventEmitter );","","exports.Browser = Browser;","","","","","Browser.prototype.init = function ( options ) {","    var self = this;","    var nextDeviceId = 0;","","    this.devices = {};","    this.addresses = []","","    var browser = mdns.createBrowser(mdns.tcp('airplay'));","","    browser.on('ready', function () {","        browser.discover();","    });","","    browser.on('serviceUp', function(data) {","        if(data.port && data.port == 7000 && self.addresses.indexOf(data.address) < 0){","            var info = [data.address]","            var name = data.name","            self.addresses.push(data.address)","            ","            device = new Device( nextDeviceId++, info , name );","            device.on( 'ready', function( d ) {","                self.emit( 'deviceOn', d );","            });","            device.on( 'close', function( d ) {","                delete self.devices[ d.id ];","                self.emit( 'deviceOff', d );","            });","","            self.devices[ device.id ] = device;","        }","    });","","    browser.on('serviceDown', function(info) {","      if ( !self.isValid( info ) ) {","            return;","        }","","        var device = self.getDevice( info );","        if ( device ) {","            device.close();","        }","    });","};","","Browser.prototype.start = function () {","    this.emit( 'start' );","    return this;","};","","Browser.prototype.stop = function() {","    this.emit( 'stop' );","    return this;","};","","Browser.prototype.isValid = function ( info ) {","    if ( !info || !/^en\\d+$/.test( info.networkInterface ) ) {","        return !1;","    }","    return !0;","};","","Browser.prototype.getDevice = function ( info ) {","    for ( var deviceId in this.devices ) {","        var device = this.devices[ deviceId ];","        if ( device.match( info ) ) {","            return device;","        }","    }","};","","Browser.prototype.getDeviceById = function ( deviceId, skipCheck ) {","    var device = this.devices[ deviceId ];","    if ( device && ( skipCheck || device.isReady() ) ) {","        return device;","    }","};","","Browser.prototype.getDevices = function ( skipCheck ) {","    var devices = [];","    for ( var deviceId in this.devices ) {","        var device = this.devices[ deviceId ];","        if ( skipCheck || device.isReady() ) {","            devices.push( device );","        }","    }","    return devices;","};",""],"l":{"9":1,"10":1,"13":1,"15":1,"17":1,"18":0,"19":0,"22":1,"24":1,"29":1,"30":0,"31":0,"33":0,"34":0,"36":0,"38":0,"39":0,"42":0,"43":0,"44":0,"45":0,"46":0,"48":0,"49":0,"50":0,"52":0,"53":0,"54":0,"57":0,"61":0,"62":0,"63":0,"66":0,"67":0,"68":0,"73":1,"74":0,"75":0,"78":1,"79":0,"80":0,"83":1,"84":0,"85":0,"87":0,"90":1,"91":0,"92":0,"93":0,"94":0,"99":1,"100":0,"101":0,"102":0,"106":1,"107":0,"108":0,"109":0,"110":0,"111":0,"114":0}},"/home/travis/build/npmtest/node-npmtest-airplay-js/node_modules/airplay-js/airplay/device.js":{"path":"/home/travis/build/npmtest/node-npmtest-airplay-js/node_modules/airplay-js/airplay/device.js","s":{"1":1,"2":1,"3":1,"4":1,"5":0,"6":0,"7":0,"8":0,"9":0,"10":0,"11":0,"12":0,"13":0,"14":0,"15":0,"16":0,"17":0,"18":0,"19":0,"20":0,"21":0,"22":0,"23":0,"24":0,"25":0,"26":0,"27":0,"28":0,"29":0,"30":0,"31":0,"32":1,"33":1,"34":1,"35":0,"36":0,"37":0,"38":0,"39":1,"40":0,"41":1,"42":0,"43":0,"44":0,"45":0,"46":0,"47":1,"48":0,"49":0,"50":0,"51":0,"52":1,"53":0,"54":0,"55":0,"56":0,"57":1,"58":0,"59":0,"60":0,"61":0,"62":0,"63":0,"64":0,"65":0,"66":0,"67":0,"68":0,"69":0,"70":0,"71":0,"72":0,"73":1,"74":9,"75":9,"76":9,"77":0},"b":{"1":[0,0],"2":[0,0],"3":[0,0],"4":[0,0],"5":[0,0],"6":[0,0],"7":[0,0],"8":[0,0],"9":[0,0],"10":[0,0],"11":[9,8]},"f":{"1":0,"2":0,"3":0,"4":0,"5":0,"6":0,"7":0,"8":0,"9":0,"10":0,"11":0,"12":0,"13":0,"14":0,"15":0,"16":0,"17":0,"18":0,"19":0,"20":0,"21":0,"22":0,"23":9,"24":0},"fnMap":{"1":{"name":"Device","line":14,"loc":{"start":{"line":14,"column":0},"end":{"line":14,"column":45}}},"2":{"name":"(anonymous_2)","line":30,"loc":{"start":{"line":30,"column":8},"end":{"line":30,"column":20}}},"3":{"name":"(anonymous_3)","line":31,"loc":{"start":{"line":31,"column":35},"end":{"line":31,"column":52}}},"4":{"name":"(anonymous_4)","line":37,"loc":{"start":{"line":37,"column":28},"end":{"line":37,"column":40}}},"5":{"name":"(anonymous_5)","line":40,"loc":{"start":{"line":40,"column":26},"end":{"line":40,"column":38}}},"6":{"name":"(anonymous_6)","line":43,"loc":{"start":{"line":43,"column":25},"end":{"line":43,"column":37}}},"7":{"name":"(anonymous_7)","line":46,"loc":{"start":{"line":46,"column":28},"end":{"line":46,"column":45}}},"8":{"name":"(anonymous_8)","line":50,"loc":{"start":{"line":50,"column":28},"end":{"line":50,"column":43}}},"9":{"name":"(anonymous_9)","line":53,"loc":{"start":{"line":53,"column":28},"end":{"line":53,"column":43}}},"10":{"name":"(anonymous_10)","line":56,"loc":{"start":{"line":56,"column":25},"end":{"line":56,"column":40}}},"11":{"name":"(anonymous_11)","line":59,"loc":{"start":{"line":59,"column":26},"end":{"line":59,"column":43}}},"12":{"name":"(anonymous_12)","line":70,"loc":{"start":{"line":70,"column":27},"end":{"line":70,"column":49}}},"13":{"name":"(anonymous_13)","line":80,"loc":{"start":{"line":80,"column":27},"end":{"line":80,"column":39}}},"14":{"name":"(anonymous_14)","line":84,"loc":{"start":{"line":84,"column":25},"end":{"line":84,"column":36}}},"15":{"name":"(anonymous_15)","line":95,"loc":{"start":{"line":95,"column":25},"end":{"line":95,"column":43}}},"16":{"name":"(anonymous_16)","line":104,"loc":{"start":{"line":104,"column":27},"end":{"line":104,"column":38}}},"17":{"name":"(anonymous_17)","line":133,"loc":{"start":{"line":133,"column":24},"end":{"line":133,"column":59}}},"18":{"name":"(anonymous_18)","line":142,"loc":{"start":{"line":142,"column":27},"end":{"line":142,"column":45}}},"19":{"name":"(anonymous_19)","line":143,"loc":{"start":{"line":143,"column":58},"end":{"line":143,"column":75}}},"20":{"name":"(anonymous_20)","line":145,"loc":{"start":{"line":145,"column":23},"end":{"line":145,"column":33}}},"21":{"name":"(anonymous_21)","line":146,"loc":{"start":{"line":146,"column":31},"end":{"line":146,"column":49}}},"22":{"name":"(anonymous_22)","line":155,"loc":{"start":{"line":155,"column":28},"end":{"line":155,"column":38}}},"23":{"name":"(anonymous_23)","line":168,"loc":{"start":{"line":168,"column":10},"end":{"line":168,"column":27}}},"24":{"name":"(anonymous_24)","line":172,"loc":{"start":{"line":172,"column":33},"end":{"line":172,"column":44}}}},"statementMap":{"1":{"start":{"line":9,"column":0},"end":{"line":9,"column":33}},"2":{"start":{"line":10,"column":0},"end":{"line":10,"column":29}},"3":{"start":{"line":12,"column":0},"end":{"line":12,"column":42}},"4":{"start":{"line":14,"column":0},"end":{"line":64,"column":1}},"5":{"start":{"line":15,"column":4},"end":{"line":15,"column":20}},"6":{"start":{"line":17,"column":4},"end":{"line":17,"column":37}},"7":{"start":{"line":19,"column":4},"end":{"line":19,"column":17}},"8":{"start":{"line":20,"column":4},"end":{"line":20,"column":21}},"9":{"start":{"line":21,"column":4},"end":{"line":21,"column":21}},"10":{"start":{"line":23,"column":4},"end":{"line":23,"column":30}},"11":{"start":{"line":25,"column":4},"end":{"line":36,"column":6}},"12":{"start":{"line":31,"column":12},"end":{"line":34,"column":15}},"13":{"start":{"line":32,"column":16},"end":{"line":32,"column":39}},"14":{"start":{"line":33,"column":16},"end":{"line":33,"column":41}},"15":{"start":{"line":37,"column":4},"end":{"line":37,"column":66}},"16":{"start":{"line":37,"column":42},"end":{"line":37,"column":62}},"17":{"start":{"line":39,"column":4},"end":{"line":39,"column":51}},"18":{"start":{"line":40,"column":4},"end":{"line":42,"column":7}},"19":{"start":{"line":41,"column":8},"end":{"line":41,"column":61}},"20":{"start":{"line":43,"column":4},"end":{"line":45,"column":7}},"21":{"start":{"line":44,"column":8},"end":{"line":44,"column":60}},"22":{"start":{"line":46,"column":4},"end":{"line":49,"column":7}},"23":{"start":{"line":48,"column":8},"end":{"line":48,"column":53}},"24":{"start":{"line":50,"column":4},"end":{"line":52,"column":7}},"25":{"start":{"line":51,"column":8},"end":{"line":51,"column":95}},"26":{"start":{"line":53,"column":4},"end":{"line":55,"column":7}},"27":{"start":{"line":54,"column":8},"end":{"line":54,"column":84}},"28":{"start":{"line":56,"column":4},"end":{"line":58,"column":7}},"29":{"start":{"line":57,"column":8},"end":{"line":57,"column":78}},"30":{"start":{"line":59,"column":4},"end":{"line":61,"column":7}},"31":{"start":{"line":60,"column":8},"end":{"line":60,"column":69}},"32":{"start":{"line":66,"column":0},"end":{"line":66,"column":45}},"33":{"start":{"line":67,"column":0},"end":{"line":67,"column":24}},"34":{"start":{"line":70,"column":0},"end":{"line":78,"column":2}},"35":{"start":{"line":71,"column":4},"end":{"line":71,"column":20}},"36":{"start":{"line":73,"column":4},"end":{"line":75,"column":5}},"37":{"start":{"line":74,"column":8},"end":{"line":74,"column":25}},"38":{"start":{"line":77,"column":4},"end":{"line":77,"column":31}},"39":{"start":{"line":80,"column":0},"end":{"line":82,"column":2}},"40":{"start":{"line":81,"column":2},"end":{"line":81,"column":22}},"41":{"start":{"line":84,"column":0},"end":{"line":93,"column":2}},"42":{"start":{"line":85,"column":4},"end":{"line":87,"column":5}},"43":{"start":{"line":86,"column":8},"end":{"line":86,"column":28}},"44":{"start":{"line":89,"column":4},"end":{"line":89,"column":23}},"45":{"start":{"line":90,"column":4},"end":{"line":90,"column":20}},"46":{"start":{"line":92,"column":4},"end":{"line":92,"column":31}},"47":{"start":{"line":95,"column":0},"end":{"line":102,"column":2}},"48":{"start":{"line":96,"column":4},"end":{"line":100,"column":5}},"49":{"start":{"line":97,"column":8},"end":{"line":99,"column":9}},"50":{"start":{"line":98,"column":12},"end":{"line":98,"column":22}},"51":{"start":{"line":101,"column":4},"end":{"line":101,"column":14}},"52":{"start":{"line":104,"column":0},"end":{"line":131,"column":2}},"53":{"start":{"line":105,"column":4},"end":{"line":105,"column":25}},"54":{"start":{"line":106,"column":4},"end":{"line":106,"column":41}},"55":{"start":{"line":107,"column":4},"end":{"line":107,"column":37}},"56":{"start":{"line":109,"column":4},"end":{"line":130,"column":6}},"57":{"start":{"line":133,"column":0},"end":{"line":160,"column":2}},"58":{"start":{"line":134,"column":4},"end":{"line":134,"column":19}},"59":{"start":{"line":138,"column":4},"end":{"line":138,"column":30}},"60":{"start":{"line":139,"column":4},"end":{"line":139,"column":37}},"61":{"start":{"line":141,"column":4},"end":{"line":141,"column":40}},"62":{"start":{"line":142,"column":4},"end":{"line":154,"column":7}},"63":{"start":{"line":143,"column":8},"end":{"line":153,"column":11}},"64":{"start":{"line":144,"column":12},"end":{"line":144,"column":40}},"65":{"start":{"line":145,"column":12},"end":{"line":152,"column":21}},"66":{"start":{"line":146,"column":16},"end":{"line":151,"column":19}},"67":{"start":{"line":147,"column":20},"end":{"line":147,"column":71}},"68":{"start":{"line":148,"column":20},"end":{"line":150,"column":21}},"69":{"start":{"line":149,"column":24},"end":{"line":149,"column":41}},"70":{"start":{"line":155,"column":4},"end":{"line":158,"column":6}},"71":{"start":{"line":156,"column":8},"end":{"line":156,"column":51}},"72":{"start":{"line":157,"column":8},"end":{"line":157,"column":29}},"73":{"start":{"line":164,"column":0},"end":{"line":175,"column":3}},"74":{"start":{"line":169,"column":4},"end":{"line":169,"column":27}},"75":{"start":{"line":170,"column":4},"end":{"line":170,"column":30}},"76":{"start":{"line":172,"column":4},"end":{"line":174,"column":6}},"77":{"start":{"line":173,"column":8},"end":{"line":173,"column":62}}},"branchMap":{"1":{"line":73,"type":"if","locations":[{"start":{"line":73,"column":4},"end":{"line":73,"column":4}},{"start":{"line":73,"column":4},"end":{"line":73,"column":4}}]},"2":{"line":85,"type":"if","locations":[{"start":{"line":85,"column":4},"end":{"line":85,"column":4}},{"start":{"line":85,"column":4},"end":{"line":85,"column":4}}]},"3":{"line":97,"type":"if","locations":[{"start":{"line":97,"column":8},"end":{"line":97,"column":8}},{"start":{"line":97,"column":8},"end":{"line":97,"column":8}}]},"4":{"line":106,"type":"binary-expr","locations":[{"start":{"line":106,"column":20},"end":{"line":106,"column":34}},{"start":{"line":106,"column":38},"end":{"line":106,"column":40}}]},"5":{"line":113,"type":"binary-expr","locations":[{"start":{"line":113,"column":18},"end":{"line":113,"column":36}},{"start":{"line":113,"column":40},"end":{"line":113,"column":59}}]},"6":{"line":114,"type":"binary-expr","locations":[{"start":{"line":114,"column":18},"end":{"line":114,"column":37}},{"start":{"line":114,"column":41},"end":{"line":114,"column":59}}]},"7":{"line":125,"type":"binary-expr","locations":[{"start":{"line":125,"column":23},"end":{"line":125,"column":47}},{"start":{"line":125,"column":51},"end":{"line":125,"column":68}}]},"8":{"line":126,"type":"binary-expr","locations":[{"start":{"line":126,"column":12},"end":{"line":126,"column":25}},{"start":{"line":126,"column":29},"end":{"line":126,"column":41}}]},"9":{"line":147,"type":"cond-expr","locations":[{"start":{"line":147,"column":49},"end":{"line":147,"column":53}},{"start":{"line":147,"column":56},"end":{"line":147,"column":68}}]},"10":{"line":148,"type":"if","locations":[{"start":{"line":148,"column":20},"end":{"line":148,"column":20}},{"start":{"line":148,"column":20},"end":{"line":148,"column":20}}]},"11":{"line":170,"type":"binary-expr","locations":[{"start":{"line":170,"column":13},"end":{"line":170,"column":19}},{"start":{"line":170,"column":23},"end":{"line":170,"column":29}}]}},"code":["/**"," * node-airplay"," *"," * @file airplay device"," * @author zfkun(zfkun@msn.com)"," * @thanks https://github.com/benvanik/node-airplay/blob/master/lib/airplay/device.js"," */","","var events = require( 'events' );","var util = require( 'util' );","","var Client = require( './client' ).Client;","","function Device ( id, info, name, callback ) {","    var self = this;","","    events.EventEmitter.call( this );","","    this.id = id;","    this.info = info;","    this.name = name;","    // this.serverInfo = null;","    this.pingDelay = 5 * 1000; // 心跳间隔","","    this.client = new Client(","        {","            host: info[0], port: 7000","            // ,user: 'zfkun', pass: ''","        },","        function () {","            self.client.serverInfo(function( info ) {","                self.serverInfo = info;","                self.onReady( callback );","            });","        }","    );","    this.client.on( 'ping', function () { self.emit( 'ping' ); });","","    self.hls = require( '../airplay' ).createHLS();","    self.hls.on( 'start', function () {","        console.info( '[HLS] start: %s', self.hls.getURI() );","    });","    self.hls.on( 'stop', function () {","        console.info( '[HLS] stop: %s', self.hls.getURI() );","    });","    self.hls.on( 'request', function ( req ) {","        // var uri = url.parse( req.url, true );","        console.info( '[HLS] request: %s', req.url );","    });","    self.hls.on( 'process', function ( d ) {","        console.info( '[HLS] segment process: %s, %s, %s', d.index, d.file, d.out.toString() );","    });","    self.hls.on( 'segment', function ( d ) {","        console.info( '[HLS] segment created: %s, %s, %s', d.index, d.file, d.out );","    });","    self.hls.on( 'open', function ( d ) {","        console.info( '[HLS] opend: %s, %s', d.file, util.inspect( d.info ) );","    });","    self.hls.on( 'error', function ( err ) {","        console.info( '[HLS] segment error: ', util.inspect( err ) );","    });","","","}","","util.inherits( Device, events.EventEmitter );","exports.Device = Device;","","","Device.prototype.onReady = function ( callback ) {","    this.ready = !0;","","    if ( callback ) {","        callback( this );","    }","","    this.emit( 'ready', this );","};","","Device.prototype.isReady = function () {","  return !!this.ready;","};","","Device.prototype.close = function() {","    if ( this.client ) {","        this.client.close();","    }","","    this.client = null;","    this.ready = !1;","","    this.emit( 'close', this );","};","","Device.prototype.match = function ( info ) {","    for ( var key in info ) {","        if ( this.info[ key ] != info[ key ] ) {","            return !1;","        }","    }","    return !0;","};","","Device.prototype.getInfo = function() {","    var info = this.info;","    var txtRecord = info.txtRecord || {};","    var serverInfo = this.serverInfo;","","    return {","        id: this.id,","        name: info.name,","        fullName: info.fullname,","        deviceId: txtRecord.deviceid || serverInfo.deviceId,","        features: serverInfo.features || txtRecord.features,","        model: serverInfo.model,","        interfaceName: info.networkInterface,","        interfaceIndex: info.interfaceIndex,","        addresses: info.addresses,","","        flags: txtRecord.flags,","        pk: txtRecord.pk,","","        osVersion: serverInfo.osVersion,","        protocolVersion: serverInfo.protocolVersion,","        sourceVersion: serverInfo.sourceVersion || txtRecord.srcvers,","        vv: serverInfo.vv || txtRecord.vv,","","        slideshowFeatures: [],","        supportedContentTypes: []","    };","};","","Device.prototype.play = function(media, position, callback){","    var self = this","","    //#TODO: Check if has ffmpeg and if not, go directly to simpleplay","    //","    console.log(typeof(media))","    self.hls.start( 7001 + this.id );","","    console.log(\"going to play: \"+media)","    self.hls.open( media , function ( info ) {","        device.simpleplay( self.hls.getURI(), '0.000000', function ( res ) {","            console.info( '->> ', res );","            setTimeout(function(){","                device.status( function ( info ) {","                    console.info( '->> ', info ? info : 'no info >(' );","                    if ( info ) {","                        console.log(info)","                    }","                });","            }, 4000);","        });","    });","    self.hls.on('NoFFMPEG', function(){","        self.simpleplay(media, position, callback);","        self.emit('NoFFMPEG')","    })","","};","","","// extend airplay apis: 'localName[:clientName]'","[","    'status:playbackInfo', 'authorize',","    'simpleplay', 'stop', 'scrub', 'reverse', 'rate', 'volume',","    'photo'","].forEach(function ( api ) {","    api = api.split( ':' );","    api[1] = api[1] || api[0];","","    Device.prototype[ api[0] ] = function() {","        this.client[ api[1] ].apply( this.client, arguments );","    };","});","",""],"l":{"9":1,"10":1,"12":1,"14":1,"15":0,"17":0,"19":0,"20":0,"21":0,"23":0,"25":0,"31":0,"32":0,"33":0,"37":0,"39":0,"40":0,"41":0,"43":0,"44":0,"46":0,"48":0,"50":0,"51":0,"53":0,"54":0,"56":0,"57":0,"59":0,"60":0,"66":1,"67":1,"70":1,"71":0,"73":0,"74":0,"77":0,"80":1,"81":0,"84":1,"85":0,"86":0,"89":0,"90":0,"92":0,"95":1,"96":0,"97":0,"98":0,"101":0,"104":1,"105":0,"106":0,"107":0,"109":0,"133":1,"134":0,"138":0,"139":0,"141":0,"142":0,"143":0,"144":0,"145":0,"146":0,"147":0,"148":0,"149":0,"155":0,"156":0,"157":0,"164":1,"169":9,"170":9,"172":9,"173":0}},"/home/travis/build/npmtest/node-npmtest-airplay-js/node_modules/airplay-js/airplay/client.js":{"path":"/home/travis/build
[...]
tions":[{"start":{"line":180,"column":16},"end":{"line":180,"column":16}},{"start":{"line":180,"column":16},"end":{"line":180,"column":16}}]},"25":{"line":196,"type":"if","locations":[{"start":{"line":196,"column":4},"end":{"line":196,"column":4}},{"start":{"line":196,"column":4},"end":{"line":196,"column":4}}]},"26":{"line":196,"type":"binary-expr","locations":[{"start":{"line":196,"column":9},"end":{"line":196,"column":33}},{"start":{"line":196,"column":37},"end":{"line":196,"column":42}}]},"27":{"line":252,"type":"if","locations":[{"start":{"line":252,"column":4},"end":{"line":252,"column":4}},{"start":{"line":252,"column":4},"end":{"line":252,"column":4}}]},"28":{"line":296,"type":"if","locations":[{"start":{"line":296,"column":4},"end":{"line":296,"column":4}},{"start":{"line":296,"column":4},"end":{"line":296,"column":4}}]},"29":{"line":301,"type":"if","locations":[{"start":{"line":301,"column":8},"end":{"line":301,"column":8}},{"start":{"line":301,"column":8},"end":{"line":301,"column":8}}]},"30":{"line":309,"type":"if","locations":[{"start":{"line":309,"column":8},"end":{"line":309,"column":8}},{"start":{"line":309,"column":8},"end":{"line":309,"column":8}}]},"31":{"line":334,"type":"if","locations":[{"start":{"line":334,"column":9},"end":{"line":334,"column":9}},{"start":{"line":334,"column":9},"end":{"line":334,"column":9}}]},"32":{"line":344,"type":"cond-expr","locations":[{"start":{"line":344,"column":57},"end":{"line":344,"column":62}},{"start":{"line":344,"column":65},"end":{"line":344,"column":69}}]},"33":{"line":350,"type":"cond-expr","locations":[{"start":{"line":350,"column":31},"end":{"line":350,"column":71}},{"start":{"line":350,"column":76},"end":{"line":350,"column":86}}]},"34":{"line":350,"type":"binary-expr","locations":[{"start":{"line":350,"column":31},"end":{"line":350,"column":57}},{"start":{"line":350,"column":61},"end":{"line":350,"column":71}}]},"35":{"line":389,"type":"if","locations":[{"start":{"line":389,"column":9},"end":{"line":389,"column":9}},{"start":{"line":389,"column":9},"end":{"line":389,"column":9}}]},"36":{"line":399,"type":"if","locations":[{"start":{"line":399,"column":11},"end":{"line":399,"column":11}},{"start":{"line":399,"column":11},"end":{"line":399,"column":11}}]},"37":{"line":412,"type":"if","locations":[{"start":{"line":412,"column":12},"end":{"line":412,"column":12}},{"start":{"line":412,"column":12},"end":{"line":412,"column":12}}]}},"code":["/**"," * node-airplay"," *"," * @file HTTP Live Streaming"," * @author zfkun(zfkun@msn.com)"," */","","var fs = require( 'fs' );","var url = require( 'url' );","var path = require( 'path' );","var http = require( 'http' );","var util = require( 'util' );","var events = require( 'events' );","var spawn = require( 'child_process' ).spawn;","","var IP_LOCAL = require( './ip' );","","","","","function HLSServer( options ) {","    events.EventEmitter.call( this );","    var ops = this.options = options || {};","","    // 是否启用流模式(影响m3u8生成机制)","    // ops.streaming = !!ops.streaming;","    // TS文件缓存","    ops.cache = !!ops.cache;","    // TS分片时长(s)","    ops.duration = ops.duration || 20;","    // 编解码库目录","    ops.lib = path.normalize( ops.lib || ( __dirname + '/../dep' ) ) + '/';","    if ( !fs.existsSync( ops.lib ) ) {","        ops.lib = '';","    }","    // TS分片输出目录","    ops.out = path.normalize( ops.out || ( '/tmp' ) ) + '/';","    if ( !fs.existsSync( ops.out ) ) {","        fs.mkdirSync( ops.out );","    }","}","","util.inherits( HLSServer, events.EventEmitter );","exports.HLS = HLSServer;","","","","","HLSServer.prototype.start = function ( port ) {","    if ( !this.started ) {","        this.started = !0;","","        this.baseURI = 'http://' + IP_LOCAL + ( port === 80 ? '' : ':' + port );","","        this.server = http.createServer( this.httpHandler.bind( this ) );","        this.server.listen( port, IP_LOCAL );","","        this.emit( 'start', { host: IP_LOCAL, port: port } );","    }","","    this.port = port","    this.address = IP_LOCAL","","    return this;","};","","HLSServer.prototype.stop = function() {","    if ( this.started && this.server ) {","        this.server.close();","        this.emit( 'stop' );","    }","","    this.started = !1;","","    return this;","};","","HLSServer.prototype.getURI = function ( type, index ) {","    if ( type === 'video' ) {","        return '/stream/0.m3u8';","    }","    else if ( type === 'audio' ) {","        return '/stream/1.m3u8';","    }","    else if ( type === 'iframes' ) {","        return '/iframes.m3u8';","    }","    else if ( type === 'segment' ) {","        return '/stream/0/' + index + '.ts';","    }","    else {","        return this.baseURI;","    }","};","","HLSServer.prototype.setSubtitles = function( subtitles ){","    console.log(\"Setting subtitles to: \"+subtitles)","    var self = this","    self.subtitles = subtitles","}","","HLSServer.prototype.open = function ( fileFullPath, callback ) {","    var self = this;","    var media = fileFullPath","","    console.log(\"fileFullPath:\")","    console.log(fileFullPath)","    console.log(typeof(fileFullPath))","    if (typeof(fileFullPath) != 'string'){","        self.subtitles = media.subtitles","        fileFullPath = media.file","    }","","    if ( this.openThread ) {","        this.openThread.kill();","    }","","    this.file = fileFullPath;","","    var whichCommand = /^win/.test(process.platform) ? 'where' : 'which'","","    self.checkFirst = spawn(whichCommand,['ffprobe'])","    self.checkFirst.on('close', function(data){","        console.log(\"x:\"+data)","        if(data!=0){","            console.log(\"No FFMPEG FOUND :(\")","            self.emit(\"NoFFMPEG\")","            return 0;","        }","    })","    self.checkFirst.stdout.on('data', function(data){","        console.log(\"d:\"+data)","","        // # -------------------------------------------------- # //","        // TODO: find the ffmpeg path when the object is constructed instead of resolving it now.","        // PATCH to actually find the ffmpeg executable","        var ffmpegPath = data.toString(\"utf8\").trim()","        if(data.length > 0 && fs.existsSync(ffmpegPath)) {","            var ffmpegPath = path.dirname(ffmpegPath) + path.sep","            if(self.options.lib != ffmpegPath) {","                self.options.lib = ffmpegPath","                console.log(\"FFMPEG path set to \" + ffmpegPath)","            }","        } else {","            self.emit(\"NoFFMPEG\")","            return; // We assume that which will return != 0 so on('close') will handle the NoFFMPEG case.","        }","        // # -------------------------------------------------- # //","","        if(data.length >0){","            self.openThread = spawn(","                self.options.lib + 'ffprobe',","                self.command4FFProbe( self.file ));","            var output = '';","            self.openThread.stdout.on( 'data', function ( chunk ) {","                output += chunk;","            });","            self.openThread.stderr.on( 'data', function ( err ) {","                self.emit(","                    'error',","                    { type: 'open', err: err, file: fileFullPath }","                );","            });","            self.openThread.stdout.on( 'end', function () {","                var json;","                try {","                    json = JSON.parse( output );","                } catch (e) {","                    self.emit(","                        'error',","                        { type: 'open', err: e.message, file: fileFullPath }","                    );","                }","                if ( json ) {","                    self.videoInfo = json;","                    // update store","                    self.segmentSize = Math.ceil( parseFloat( json.format.duration, 10 ) / self.options.duration );","                    self.emit( 'open', { file: fileFullPath, info: json } );","                }","                if ( callback ) {","                    callback( json );","                }","                self.openThread = null;","            });","            return self;","        }","    })","};","","","HLSServer.prototype.segment = function ( index, req, res ) {","    var self = this;","    var outfile = this.options.out + index + '.ts';","","    // skip if exists","    if ( fs.existsSync( outfile ) && false) {","        fs.createReadStream( outfile ).pipe( res );","        return;","    }","","    var f = spawn(","        this.options.lib + 'ffmpeg',","        this.command4FFMpeg( index, outfile )","    );","","    var output = '';","    f.stdout.on( 'data', function ( chunk ) {","        output += chunk;","        self.emit( 'process', { index: index, file: outfile, out: chunk } );","    });","    f.stdout.on( 'error', function ( err ) {","        self.emit(","            'error',","            { type: 'segment', err: err, index: index, file: outfile }","        );","    });","","    f.stdout.on( 'end', function () {","        self.emit( 'segment', { index: index, file: outfile, out: output } );","        fs.createReadStream( outfile ).pipe( res );","    });","","};","","HLSServer.prototype.command4FFProbe = function ( filePath ) {","    var opt = [","        '-v',","        'quiet',","        '-print_format', 'json',","        '-show_format',","        '-show_streams',","        filePath","    ];","","    return opt;","};","","HLSServer.prototype.command4FFMpeg = function ( tsIndex, tsOutput ) {","    var opt = [","        '-y',","        '-i',","        this.file,","        '-t', this.options.duration,","        '-ss', this.options.duration * (tsIndex - 1),","    ];","","    var isH264 = this.videoInfo.streams.some(function ( s ) {","        return s.codec_name === 'h264';","    });","","    // h264 && aac","    if ( isH264 ) {","        opt = opt.concat([","            '-c:v', 'libx264', // libx264 || copy","            '-c:a', 'aac', // aac || copy","            '-strict', '-2',","            '-vbsf', 'h264_mp4toannexb'","        ]);","    }","    else {","        opt = opt.concat([","            '-c:v', 'linx264',","            '-c:a', 'aac',","            // '-g', 100,","            // '-vcodec', 'copy',","            // '-acodec', 'copy',","            '-b', '500k',","            '-ac', '2',","            '-ar', '44100',","            '-ab', '32k'","        ]);","    }","","    // TODO: HLS by ffmpeg","    // opt = opt.concat([","    //     '-f', 'hls',","    //     '-hls_time', '10',","    //     '-hls_list_size', '999',","    //     'out/0.m3u8'","    // ]);","","    opt.push( tsOutput );","","    return opt;","};","","HLSServer.prototype.httpHandler = function ( request, response ) {","    var ops = this.options;","    var header = {};","    var body = [];","    var uri = url.parse( request.url, true );","    var self = this","","    this.emit( 'request', request );","","    if ( uri.pathname === '/' ) {","        console.log(\"attending /\")","        body.push( '#EXTM3U' );","        body.push( '#EXT-X-MEDIA:TYPE=AUDIO,GROUP-ID=\"audio\",LANGUAGE=\"und\",NAME=\"Original Audio\",DEFAULT=YES,AUTOSELECT=YES' );","        console.log(this.subtitles)","        if(this.subtitles){","            this.subtitles.forEach(function(each){","                body.push( '#EXT-X-MEDIA:TYPE=SUBTITLES,GROUP-ID=\"subs\",NAME=\"English\",DEFAULT=YES,AUTOSELECT=YES,FORCED=NO,LANGUAGE=\"en\",URI=\"http://'+self.address+':'+self.port+'/subtitles/'+each.language+'.m3u8\"' )","            })","        }","        //body.push( '#EXT-X-MEDIA:TYPE=SUBTITLES,GROUP-ID=\"subs\",NAME=\"Spanish\",DEFAULT=NO,AUTOSELECT=NO,FORCED=YES,LANGUAGE=\"en\",URI=\"http://carlosguerrero.com/b.m3u8\"' )","","        // stream#0","        if(this.subtitles){","            body.push( '#EXT-X-STREAM-INF:PROGRAM-ID=1,BANDWIDTH=20000000,CODECS=\"mp4a.40.2,avc1.640028\",AUDIO=\"audio\",SUBTITLES=\"subs\"' );","        }else{","            body.push( '#EXT-X-STREAM-INF:PROGRAM-ID=1,BANDWIDTH=20000000,CODECS=\"mp4a.40.2,avc1.640028\",AUDIO=\"audio\"' );","        }","        body.push( this.getURI( 'video' ) );","","        // // stream#1","        // body.push( '#EXT-X-STREAM-INF:PROGRAM-ID=1,BANDWIDTH=20000000,CODECS=\"ac-3,avc1.640028\",AUDIO=\"audio\"' );","        // body.push( '/stream/1.m3u8' );","","        // // frames","        // body.push( '#EXT-X-I-FRAME-STREAM-INF:PROGRAM-ID=1,BANDWIDTH=20000000,CODECS=\"avc1.640028\",URI=\"/iframes.m3u8\"' );","","        body.push( '#EXT-X-ENDLIST' );","        body = body.join( '\\n' );","","        // header['Content-Type'] = 'application/vnd.apple.mpegurl';","        header[ 'Content-Length' ] = body.length;","","        response.writeHead( 200, header );","        response.write( body );","","        response.end();","    }","    else if ( uri.pathname === this.getURI( 'video' ) ) {","        var tsDuration = ops.duration;","        var videoDuration = parseFloat( this.videoInfo.format.duration, 10 );","","        body.push( '#EXTM3U' );","        body.push( '#EXT-X-VERSION:3' );","        // body.push( '#EXT-X-PLAYLIST-TYPE:EVENT' );","        body.push( '#EXT-X-MEDIA-SEQUENCE:0' );","        body.push( '#EXT-X-TARGETDURATION:' + tsDuration );","        body.push( '#EXT-X-PLAYLIST-TYPE:VOD' );","        body.push( '#EXT-X-ALLOW-CACHE:' + ( ops.cache ? 'YES' : 'NO') );","","        for ( var i = 1, n = this.segmentSize; i < n; i++ ) {","            body.push(","                '#EXTINF:'","                // 最后一个分段一般会少一点，需要精确计算下","                + ( i >= n ? ( videoDuration % tsDuration || tsDuration ) : tsDuration )","                + ','","            );","            body.push( this.getURI( 'segment', i ) );","        }","","        body.push( '#EXT-X-ENDLIST' );","        body = body.join( '\\n' );","","        // header['Connection'] = 'Keep-Alive';","        // header['Content-Type'] = 'application/vnd.apple.mpegurl';","        header['Content-Length'] = body.length;","","        response.writeHead( 200, header );","        response.write( body );","        response.end();","    }","    // else if ( uri.pathname === this.getURI( 'audio' ) ) {","    // }","    // else if ( uri.pathname === this.getURI( 'iframes' ) ) {","    //     body.push( '#EXTM3U' );","    //     body.push( '#EXT-X-VERSION:4' );","    //     body.push( '#EXT-X-TARGETDURATION:3' );","    //     body.push( '#EXT-X-I-FRAMES-ONLY' );","    //     body.push( '#EXT-X-PLAYLIST-TYPE:VOD' );","    //     body.push( '#EXT-X-ALLOW-CACHE:YES' );","    //     body.push( '#EXT-X-MEDIA-SEQUENCE:0' );","","    //     body.push( '#EXTINF:3.000000000000000,' );","    //     body.push( '#EXT-X-BYTERANGE:2097152@564' );","","    //     body.push( '/iframes/0.ts' );","    //     body.push( '#EXTINF:3.000000000000000,' );","    //     body.push( '#EXT-X-BYTERANGE:2097152@564' );","    //     body.push( '/iframes/1.ts' );","    //     ...","","    //     body.push( '#EXT-X-ENDLIST' );","    // }","    else if ( /^\\/stream\\/0\\//.test( uri.pathname ) ) {","        header['Content-Type'] = 'video/MP2T';","        response.writeHead( 200, header );","","        var tsIndex = parseInt( path.basename( uri.pathname, '.ts' ), 10 );","        this.segment( tsIndex, request, response );","        this.emit( 'stream', tsIndex, this.segmentSize );","        // fs.createReadStream( filePath ).pipe( response );","        // response.write( fs.readFileSync( filePath ) );","        // response.end();","    } else if ( /^\\/subtitles/.test(uri.pathname) ){","","        var selected = uri.pathname.substring(11,uri.pathname.length)","","        body = []","        response.write('#EXTM3U\\n')","        response.write('#EXT-X-TARGETDURATION:30\\n')","        response.write('#EXT-X-VERSION:3\\n')","        response.write('#EXT-X-MEDIA-SEQUENCE:1\\n')","        response.write('#EXT-X-PLAYLIST-TYPE:VOD\\n')","","        this.subtitles.forEach(function(each){","            console.log(each)","            if( selected.indexOf(each.language)>-1 ){","                response.write('#EXTINF:30.0,\\n')","                response.write(each.url+'\\n')","            }","        });","        response.write('#EXT-X-ENDLIST\\n')","","        body = \"\"","        response.end();","    } else {","        response.writeHead( 404 );","        response.end();","    }","","};","",""],"l":{"8":1,"9":1,"10":1,"11":1,"12":1,"13":1,"14":1,"16":1,"21":1,"22":0,"23":0,"28":0,"30":0,"32":0,"33":0,"34":0,"37":0,"38":0,"39":0,"43":1,"44":1,"49":1,"50":0,"51":0,"53":0,"55":0,"56":0,"58":0,"61":0,"62":0,"64":0,"67":1,"68":0,"69":0,"70":0,"73":0,"75":0,"78":1,"79":0,"80":0,"82":0,"83":0,"85":0,"86":0,"88":0,"89":0,"92":0,"96":1,"97":0,"98":0,"99":0,"102":1,"103":0,"104":0,"106":0,"107":0,"108":0,"109":0,"110":0,"111":0,"114":0,"115":0,"118":0,"120":0,"122":0,"123":0,"124":0,"125":0,"126":0,"127":0,"128":0,"131":0,"132":0,"137":0,"138":0,"139":0,"140":0,"141":0,"142":0,"145":0,"146":0,"150":0,"151":0,"154":0,"155":0,"156":0,"158":0,"159":0,"164":0,"165":0,"166":0,"167":0,"169":0,"174":0,"175":0,"177":0,"178":0,"180":0,"181":0,"183":0,"185":0,"191":1,"192":0,"193":0,"196":0,"197":0,"198":0,"201":0,"206":0,"207":0,"208":0,"209":0,"211":0,"212":0,"218":0,"219":0,"220":0,"225":1,"226":0,"235":0,"238":1,"239":0,"247":0,"248":0,"252":0,"253":0,"261":0,"282":0,"284":0,"287":1,"288":0,"289":0,"290":0,"291":0,"292":0,"294":0,"296":0,"297":0,"298":0,"299":0,"300":0,"301":0,"302":0,"303":0,"309":0,"310":0,"312":0,"314":0,"323":0,"324":0,"327":0,"329":0,"330":0,"332":0,"334":0,"335":0,"336":0,"338":0,"339":0,"341":0,"342":0,"343":0,"344":0,"346":0,"347":0,"353":0,"356":0,"357":0,"361":0,"363":0,"364":0,"365":0,"389":0,"390":0,"391":0,"393":0,"394":0,"395":0,"399":0,"401":0,"403":0,"404":0,"405":0,"406":0,"407":0,"408":0,"410":0,"411":0,"412":0,"413":0,"414":0,"417":0,"419":0,"420":0,"422":0,"423":0}},"/home/travis/build/npmtest/node-npmtest-airplay-js/node_modules/airplay-js/airplay/ip.js":{"path":"/home/travis/build/npmtest/node-npmtest-airplay-js/node_modules/airplay-js/airplay/ip.js","s":{"1":1,"2":1,"3":1,"4":1,"5":1,"6":2,"7":2,"8":2,"9":1},"b":{"1":[2,0],"2":[2,2]},"f":{"1":1,"2":2},"fnMap":{"1":{"name":"(anonymous_1)","line":7,"loc":{"start":{"line":7,"column":18},"end":{"line":7,"column":29}}},"2":{"name":"(anonymous_2)","line":14,"loc":{"start":{"line":14,"column":12},"end":{"line":14,"column":32}}}},"statementMap":{"1":{"start":{"line":7,"column":0},"end":{"line":23,"column":5}},"2":{"start":{"line":8,"column":4},"end":{"line":8,"column":53}},"3":{"start":{"line":9,"column":4},"end":{"line":9,"column":36}},"4":{"start":{"line":10,"column":4},"end":{"line":10,"column":27}},"5":{"start":{"line":12,"column":4},"end":{"line":20,"column":5}},"6":{"start":{"line":13,"column":8},"end":{"line":19,"column":10}},"7":{"start":{"line":15,"column":16},"end":{"line":17,"column":17}},"8":{"start":{"line":16,"column":20},"end":{"line":16,"column":41}},"9":{"start":{"line":22,"column":4},"end":{"line":22,"column":14}}},"branchMap":{"1":{"line":15,"type":"if","locations":[{"start":{"line":15,"column":16},"end":{"line":15,"column":16}},{"start":{"line":15,"column":16},"end":{"line":15,"column":16}}]},"2":{"line":15,"type":"binary-expr","locations":[{"start":{"line":15,"column":20},"end":{"line":15,"column":40}},{"start":{"line":15,"column":44},"end":{"line":15,"column":69}}]}},"code":["/**"," * 获取本机IP"," * 默认取127.0.0.1之外的第一个IP地址"," * "," * @return {string}"," */","module.exports = (function() {","    var ifaces = require( 'os' ).networkInterfaces();","    var defultAddress = '127.0.0.1';","    var ip = defultAddress;","","    for ( var dev in ifaces ) {","        ifaces[ dev ].forEach(","            function( details ) {","                if (ip === defultAddress && details.family === 'IPv4') {","                    ip = details.address;","                }","            }","        );","    }","","    return ip;","})();"],"l":{"7":1,"8":1,"9":1,"10":1,"12":1,"13":2,"15":2,"16":2,"22":1}}}